nohup: 忽略输入
Start writing train set into file.
(1/7) Write train set, 100/2135, eta: 1.12 minutes
(1/7) Write train set, 200/2135, eta: 1.07 minutes
(1/7) Write train set, 300/2135, eta: 1.01 minutes
(1/7) Write train set, 400/2135, eta: 0.96 minutes
(1/7) Write train set, 500/2135, eta: 0.91 minutes
(1/7) Write train set, 600/2135, eta: 0.85 minutes
(1/7) Write train set, 700/2135, eta: 0.79 minutes
(1/7) Write train set, 800/2135, eta: 0.74 minutes
(1/7) Write train set, 900/2135, eta: 0.68 minutes
(1/7) Write train set, 1000/2135, eta: 0.63 minutes
(1/7) Write train set, 1100/2135, eta: 0.57 minutes
(1/7) Write train set, 1200/2135, eta: 0.52 minutes
(1/7) Write train set, 1300/2135, eta: 0.46 minutes
(1/7) Write train set, 1400/2135, eta: 0.41 minutes
(1/7) Write train set, 1500/2135, eta: 0.35 minutes
(1/7) Write train set, 1600/2135, eta: 0.29 minutes
(1/7) Write train set, 1700/2135, eta: 0.24 minutes
(1/7) Write train set, 1800/2135, eta: 0.18 minutes
(1/7) Write train set, 1900/2135, eta: 0.13 minutes
(1/7) Write train set, 2000/2135, eta: 0.07 minutes
(1/7) Write train set, 2100/2135, eta: 0.02 minutes
Start writing validation set into file.
(2/7) Write val set, 100/457, eta: 0.19 minutes
(2/7) Write val set, 200/457, eta: 0.14 minutes
(2/7) Write val set, 300/457, eta: 0.08 minutes
(2/7) Write val set, 400/457, eta: 0.03 minutes
Start writing test set into file.
(3/7) Write test set, 100/457, eta: 0.19 minutes
(3/7) Write test set, 200/457, eta: 0.14 minutes
(3/7) Write test set, 300/457, eta: 0.08 minutes
(3/7) Write test set, 400/457, eta: 0.03 minutes
Start writing aug set 1 into file.
(4/7) Write augmented cascade graphs, 100/5287, eta: 2.68 minutes
(4/7) Write augmented cascade graphs, 200/5287, eta: 2.64 minutes
(4/7) Write augmented cascade graphs, 300/5287, eta: 2.59 minutes
(4/7) Write augmented cascade graphs, 400/5287, eta: 2.54 minutes
(4/7) Write augmented cascade graphs, 500/5287, eta: 2.49 minutes
(4/7) Write augmented cascade graphs, 600/5287, eta: 2.44 minutes
(4/7) Write augmented cascade graphs, 700/5287, eta: 2.39 minutes
(4/7) Write augmented cascade graphs, 800/5287, eta: 2.34 minutes
(4/7) Write augmented cascade graphs, 900/5287, eta: 2.29 minutes
(4/7) Write augmented cascade graphs, 1000/5287, eta: 2.23 minutes
(4/7) Write augmented cascade graphs, 1100/5287, eta: 2.18 minutes
(4/7) Write augmented cascade graphs, 1200/5287, eta: 2.13 minutes
(4/7) Write augmented cascade graphs, 1300/5287, eta: 2.08 minutes
(4/7) Write augmented cascade graphs, 1400/5287, eta: 2.02 minutes
(4/7) Write augmented cascade graphs, 1500/5287, eta: 1.97 minutes
(4/7) Write augmented cascade graphs, 1600/5287, eta: 1.92 minutes
(4/7) Write augmented cascade graphs, 1700/5287, eta: 1.87 minutes
(4/7) Write augmented cascade graphs, 1800/5287, eta: 1.82 minutes
(4/7) Write augmented cascade graphs, 1900/5287, eta: 1.77 minutes
(4/7) Write augmented cascade graphs, 2000/5287, eta: 1.72 minutes
(4/7) Write augmented cascade graphs, 2100/5287, eta: 1.67 minutes
(4/7) Write augmented cascade graphs, 2200/5287, eta: 1.62 minutes
(4/7) Write augmented cascade graphs, 2300/5287, eta: 1.57 minutes
(4/7) Write augmented cascade graphs, 2400/5287, eta: 1.52 minutes
(4/7) Write augmented cascade graphs, 2500/5287, eta: 1.47 minutes
(4/7) Write augmented cascade graphs, 2600/5287, eta: 1.41 minutes
(4/7) Write augmented cascade graphs, 2700/5287, eta: 1.36 minutes
(4/7) Write augmented cascade graphs, 2800/5287, eta: 1.31 minutes
(4/7) Write augmented cascade graphs, 2900/5287, eta: 1.26 minutes
(4/7) Write augmented cascade graphs, 3000/5287, eta: 1.21 minutes
(4/7) Write augmented cascade graphs, 3100/5287, eta: 1.15 minutes
(4/7) Write augmented cascade graphs, 3200/5287, eta: 1.10 minutes
(4/7) Write augmented cascade graphs, 3300/5287, eta: 1.05 minutes
(4/7) Write augmented cascade graphs, 3400/5287, eta: 1.00 minutes
(4/7) Write augmented cascade graphs, 3500/5287, eta: 0.94 minutes
(4/7) Write augmented cascade graphs, 3600/5287, eta: 0.89 minutes
(4/7) Write augmented cascade graphs, 3700/5287, eta: 0.84 minutes
(4/7) Write augmented cascade graphs, 3800/5287, eta: 0.79 minutes
(4/7) Write augmented cascade graphs, 3900/5287, eta: 0.73 minutes
(4/7) Write augmented cascade graphs, 4000/5287, eta: 0.68 minutes
(4/7) Write augmented cascade graphs, 4100/5287, eta: 0.63 minutes
(4/7) Write augmented cascade graphs, 4200/5287, eta: 0.57 minutes
(4/7) Write augmented cascade graphs, 4300/5287, eta: 0.52 minutes
(4/7) Write augmented cascade graphs, 4400/5287, eta: 0.47 minutes
(4/7) Write augmented cascade graphs, 4500/5287, eta: 0.42 minutes
(4/7) Write augmented cascade graphs, 4600/5287, eta: 0.36 minutes
(4/7) Write augmented cascade graphs, 4700/5287, eta: 0.31 minutes
(4/7) Write augmented cascade graphs, 4800/5287, eta: 0.26 minutes
(4/7) Write augmented cascade graphs, 4900/5287, eta: 0.20 minutes
(4/7) Write augmented cascade graphs, 5000/5287, eta: 0.15 minutes
(4/7) Write augmented cascade graphs, 5100/5287, eta: 0.10 minutes
(4/7) Write augmented cascade graphs, 5200/5287, eta: 0.05 minutes
Start writing aug set 2 into file.
(5/7) Write augmented cascade graphs, 100/5287, eta: 2.79 minutes
(5/7) Write augmented cascade graphs, 200/5287, eta: 2.74 minutes
(5/7) Write augmented cascade graphs, 300/5287, eta: 2.68 minutes
(5/7) Write augmented cascade graphs, 400/5287, eta: 2.63 minutes
(5/7) Write augmented cascade graphs, 500/5287, eta: 2.57 minutes
(5/7) Write augmented cascade graphs, 600/5287, eta: 2.53 minutes
(5/7) Write augmented cascade graphs, 700/5287, eta: 2.48 minutes
(5/7) Write augmented cascade graphs, 800/5287, eta: 2.42 minutes
(5/7) Write augmented cascade graphs, 900/5287, eta: 2.37 minutes
(5/7) Write augmented cascade graphs, 1000/5287, eta: 2.32 minutes
(5/7) Write augmented cascade graphs, 1100/5287, eta: 2.27 minutes
(5/7) Write augmented cascade graphs, 1200/5287, eta: 2.21 minutes
(5/7) Write augmented cascade graphs, 1300/5287, eta: 2.16 minutes
(5/7) Write augmented cascade graphs, 1400/5287, eta: 2.10 minutes
(5/7) Write augmented cascade graphs, 1500/5287, eta: 2.05 minutes
(5/7) Write augmented cascade graphs, 1600/5287, eta: 2.00 minutes
(5/7) Write augmented cascade graphs, 1700/5287, eta: 1.94 minutes
(5/7) Write augmented cascade graphs, 1800/5287, eta: 1.88 minutes
(5/7) Write augmented cascade graphs, 1900/5287, eta: 1.83 minutes
(5/7) Write augmented cascade graphs, 2000/5287, eta: 1.77 minutes
(5/7) Write augmented cascade graphs, 2100/5287, eta: 1.72 minutes
(5/7) Write augmented cascade graphs, 2200/5287, eta: 1.66 minutes
(5/7) Write augmented cascade graphs, 2300/5287, eta: 1.61 minutes
(5/7) Write augmented cascade graphs, 2400/5287, eta: 1.56 minutes
(5/7) Write augmented cascade graphs, 2500/5287, eta: 1.50 minutes
(5/7) Write augmented cascade graphs, 2600/5287, eta: 1.45 minutes
(5/7) Write augmented cascade graphs, 2700/5287, eta: 1.39 minutes
(5/7) Write augmented cascade graphs, 2800/5287, eta: 1.34 minutes
(5/7) Write augmented cascade graphs, 2900/5287, eta: 1.29 minutes
(5/7) Write augmented cascade graphs, 3000/5287, eta: 1.23 minutes
(5/7) Write augmented cascade graphs, 3100/5287, eta: 1.18 minutes
(5/7) Write augmented cascade graphs, 3200/5287, eta: 1.12 minutes
(5/7) Write augmented cascade graphs, 3300/5287, eta: 1.07 minutes
(5/7) Write augmented cascade graphs, 3400/5287, eta: 1.02 minutes
(5/7) Write augmented cascade graphs, 3500/5287, eta: 0.96 minutes
(5/7) Write augmented cascade graphs, 3600/5287, eta: 0.91 minutes
(5/7) Write augmented cascade graphs, 3700/5287, eta: 0.85 minutes
(5/7) Write augmented cascade graphs, 3800/5287, eta: 0.80 minutes
(5/7) Write augmented cascade graphs, 3900/5287, eta: 0.75 minutes
(5/7) Write augmented cascade graphs, 4000/5287, eta: 0.69 minutes
(5/7) Write augmented cascade graphs, 4100/5287, eta: 0.64 minutes
(5/7) Write augmented cascade graphs, 4200/5287, eta: 0.59 minutes
(5/7) Write augmented cascade graphs, 4300/5287, eta: 0.53 minutes
(5/7) Write augmented cascade graphs, 4400/5287, eta: 0.48 minutes
(5/7) Write augmented cascade graphs, 4500/5287, eta: 0.42 minutes
(5/7) Write augmented cascade graphs, 4600/5287, eta: 0.37 minutes
(5/7) Write augmented cascade graphs, 4700/5287, eta: 0.32 minutes
(5/7) Write augmented cascade graphs, 4800/5287, eta: 0.26 minutes
(5/7) Write augmented cascade graphs, 4900/5287, eta: 0.21 minutes
(5/7) Write augmented cascade graphs, 5000/5287, eta: 0.15 minutes
(5/7) Write augmented cascade graphs, 5100/5287, eta: 0.10 minutes
(5/7) Write augmented cascade graphs, 5200/5287, eta: 0.05 minutes
Processing time: 438.93s
