nohup: 忽略输入
cuda:3
# fine-tuning samples 31069
#  validation samples 6639
#        test samples 6646
aps: Fine-tuning Epoch   1, Time: 24.962s, Train Loss: 0.893, Val Loss: 0.747, Test Loss: 0.721, LOG2 MSLE: 1.330
Model saved!
aps: Fine-tuning Epoch   2, Time: 24.997s, Train Loss: 0.732, Val Loss: 0.765, Test Loss: 0.750, LOG2 MSLE: 1.415
aps: Fine-tuning Epoch   3, Time: 25.419s, Train Loss: 0.724, Val Loss: 0.726, Test Loss: 0.706, LOG2 MSLE: 1.276
Model saved!
aps: Fine-tuning Epoch   4, Time: 25.450s, Train Loss: 0.724, Val Loss: 0.730, Test Loss: 0.713, LOG2 MSLE: 1.289
aps: Fine-tuning Epoch   5, Time: 25.401s, Train Loss: 0.722, Val Loss: 0.729, Test Loss: 0.713, LOG2 MSLE: 1.289
aps: Fine-tuning Epoch   6, Time: 26.287s, Train Loss: 0.718, Val Loss: 0.721, Test Loss: 0.701, LOG2 MSLE: 1.260
Model saved!
aps: Fine-tuning Epoch   7, Time: 25.588s, Train Loss: 0.717, Val Loss: 0.723, Test Loss: 0.702, LOG2 MSLE: 1.264
aps: Fine-tuning Epoch   8, Time: 25.775s, Train Loss: 0.715, Val Loss: 0.733, Test Loss: 0.716, LOG2 MSLE: 1.313
aps: Fine-tuning Epoch   9, Time: 26.004s, Train Loss: 0.716, Val Loss: 0.725, Test Loss: 0.705, LOG2 MSLE: 1.275
aps: Fine-tuning Epoch  10, Time: 24.299s, Train Loss: 0.716, Val Loss: 0.722, Test Loss: 0.702, LOG2 MSLE: 1.254
aps: Fine-tuning Epoch  11, Time: 24.592s, Train Loss: 0.716, Val Loss: 0.724, Test Loss: 0.702, LOG2 MSLE: 1.257
aps: Fine-tuning Epoch  12, Time: 24.309s, Train Loss: 0.716, Val Loss: 0.725, Test Loss: 0.704, LOG2 MSLE: 1.283
aps: Fine-tuning Epoch  13, Time: 24.789s, Train Loss: 0.712, Val Loss: 0.758, Test Loss: 0.747, LOG2 MSLE: 1.400
aps: Fine-tuning Epoch  14, Time: 24.567s, Train Loss: 0.712, Val Loss: 0.728, Test Loss: 0.710, LOG2 MSLE: 1.292
aps: Fine-tuning Epoch  15, Time: 24.207s, Train Loss: 0.711, Val Loss: 0.716, Test Loss: 0.698, LOG2 MSLE: 1.241
Model saved!
aps: Fine-tuning Epoch  16, Time: 23.336s, Train Loss: 0.709, Val Loss: 0.714, Test Loss: 0.696, LOG2 MSLE: 1.236
Model saved!
aps: Fine-tuning Epoch  17, Time: 23.466s, Train Loss: 0.712, Val Loss: 0.749, Test Loss: 0.736, LOG2 MSLE: 1.358
aps: Fine-tuning Epoch  18, Time: 23.902s, Train Loss: 0.712, Val Loss: 0.753, Test Loss: 0.731, LOG2 MSLE: 1.391
aps: Fine-tuning Epoch  19, Time: 24.699s, Train Loss: 0.712, Val Loss: 0.715, Test Loss: 0.695, LOG2 MSLE: 1.242
aps: Fine-tuning Epoch  20, Time: 23.374s, Train Loss: 0.710, Val Loss: 0.722, Test Loss: 0.706, LOG2 MSLE: 1.266
aps: Fine-tuning Epoch  21, Time: 24.229s, Train Loss: 0.709, Val Loss: 0.724, Test Loss: 0.704, LOG2 MSLE: 1.285
aps: Fine-tuning Epoch  22, Time: 25.583s, Train Loss: 0.709, Val Loss: 0.730, Test Loss: 0.710, LOG2 MSLE: 1.309
aps: Fine-tuning Epoch  23, Time: 25.752s, Train Loss: 0.709, Val Loss: 0.716, Test Loss: 0.697, LOG2 MSLE: 1.243
aps: Fine-tuning Epoch  24, Time: 25.306s, Train Loss: 0.711, Val Loss: 0.714, Test Loss: 0.696, LOG2 MSLE: 1.235
Model saved!
aps: Fine-tuning Epoch  25, Time: 25.026s, Train Loss: 0.709, Val Loss: 0.717, Test Loss: 0.699, LOG2 MSLE: 1.244
aps: Fine-tuning Epoch  26, Time: 25.486s, Train Loss: 0.709, Val Loss: 0.726, Test Loss: 0.705, LOG2 MSLE: 1.287
aps: Fine-tuning Epoch  27, Time: 25.594s, Train Loss: 0.709, Val Loss: 0.725, Test Loss: 0.710, LOG2 MSLE: 1.275
aps: Fine-tuning Epoch  28, Time: 25.143s, Train Loss: 0.710, Val Loss: 0.720, Test Loss: 0.700, LOG2 MSLE: 1.268
aps: Fine-tuning Epoch  29, Time: 26.102s, Train Loss: 0.709, Val Loss: 0.731, Test Loss: 0.717, LOG2 MSLE: 1.299
aps: Fine-tuning Epoch  30, Time: 24.623s, Train Loss: 0.711, Val Loss: 0.721, Test Loss: 0.704, LOG2 MSLE: 1.270
aps: Fine-tuning Epoch  31, Time: 25.302s, Train Loss: 0.709, Val Loss: 0.722, Test Loss: 0.704, LOG2 MSLE: 1.274
aps: Fine-tuning Epoch  32, Time: 25.522s, Train Loss: 0.708, Val Loss: 0.712, Test Loss: 0.695, LOG2 MSLE: 1.234
Model saved!
aps: Fine-tuning Epoch  33, Time: 25.541s, Train Loss: 0.707, Val Loss: 0.741, Test Loss: 0.728, LOG2 MSLE: 1.331
aps: Fine-tuning Epoch  34, Time: 25.696s, Train Loss: 0.708, Val Loss: 0.719, Test Loss: 0.703, LOG2 MSLE: 1.254
aps: Fine-tuning Epoch  35, Time: 25.554s, Train Loss: 0.708, Val Loss: 0.724, Test Loss: 0.710, LOG2 MSLE: 1.275
aps: Fine-tuning Epoch  36, Time: 25.749s, Train Loss: 0.708, Val Loss: 0.716, Test Loss: 0.699, LOG2 MSLE: 1.245
aps: Fine-tuning Epoch  37, Time: 25.382s, Train Loss: 0.707, Val Loss: 0.716, Test Loss: 0.697, LOG2 MSLE: 1.250
aps: Fine-tuning Epoch  38, Time: 25.060s, Train Loss: 0.710, Val Loss: 0.713, Test Loss: 0.694, LOG2 MSLE: 1.240
aps: Fine-tuning Epoch  39, Time: 25.071s, Train Loss: 0.708, Val Loss: 0.738, Test Loss: 0.717, LOG2 MSLE: 1.341
aps: Fine-tuning Epoch  40, Time: 25.426s, Train Loss: 0.708, Val Loss: 0.713, Test Loss: 0.696, LOG2 MSLE: 1.235
aps: Fine-tuning Epoch  41, Time: 25.598s, Train Loss: 0.707, Val Loss: 0.713, Test Loss: 0.696, LOG2 MSLE: 1.233
aps: Fine-tuning Epoch  42, Time: 25.447s, Train Loss: 0.707, Val Loss: 0.718, Test Loss: 0.703, LOG2 MSLE: 1.253
aps: Fine-tuning Epoch  43, Time: 26.072s, Train Loss: 0.707, Val Loss: 0.711, Test Loss: 0.693, LOG2 MSLE: 1.231
Model saved!
aps: Fine-tuning Epoch  44, Time: 25.675s, Train Loss: 0.707, Val Loss: 0.724, Test Loss: 0.709, LOG2 MSLE: 1.270
aps: Fine-tuning Epoch  45, Time: 25.903s, Train Loss: 0.706, Val Loss: 0.713, Test Loss: 0.696, LOG2 MSLE: 1.238
aps: Fine-tuning Epoch  46, Time: 25.650s, Train Loss: 0.706, Val Loss: 0.714, Test Loss: 0.695, LOG2 MSLE: 1.241
aps: Fine-tuning Epoch  47, Time: 25.085s, Train Loss: 0.707, Val Loss: 0.726, Test Loss: 0.706, LOG2 MSLE: 1.294
aps: Fine-tuning Epoch  48, Time: 25.354s, Train Loss: 0.707, Val Loss: 0.712, Test Loss: 0.694, LOG2 MSLE: 1.237
aps: Fine-tuning Epoch  49, Time: 25.238s, Train Loss: 0.706, Val Loss: 0.722, Test Loss: 0.705, LOG2 MSLE: 1.273
aps: Fine-tuning Epoch  50, Time: 25.540s, Train Loss: 0.707, Val Loss: 0.721, Test Loss: 0.706, LOG2 MSLE: 1.264
aps: Fine-tuning Epoch  51, Time: 25.574s, Train Loss: 0.706, Val Loss: 0.720, Test Loss: 0.706, LOG2 MSLE: 1.261
aps: Fine-tuning Epoch  52, Time: 25.566s, Train Loss: 0.706, Val Loss: 0.718, Test Loss: 0.698, LOG2 MSLE: 1.258
aps: Fine-tuning Epoch  53, Time: 25.463s, Train Loss: 0.706, Val Loss: 0.719, Test Loss: 0.702, LOG2 MSLE: 1.256
aps: Fine-tuning Epoch  54, Time: 25.575s, Train Loss: 0.706, Val Loss: 0.712, Test Loss: 0.695, LOG2 MSLE: 1.233
aps: Fine-tuning Epoch  55, Time: 24.760s, Train Loss: 0.708, Val Loss: 0.715, Test Loss: 0.696, LOG2 MSLE: 1.251
aps: Fine-tuning Epoch  56, Time: 25.218s, Train Loss: 0.707, Val Loss: 0.717, Test Loss: 0.701, LOG2 MSLE: 1.249
aps: Fine-tuning Epoch  57, Time: 25.361s, Train Loss: 0.704, Val Loss: 0.717, Test Loss: 0.700, LOG2 MSLE: 1.250
aps: Fine-tuning Epoch  58, Time: 25.185s, Train Loss: 0.705, Val Loss: 0.714, Test Loss: 0.695, LOG2 MSLE: 1.241
aps: Fine-tuning Epoch  59, Time: 25.676s, Train Loss: 0.705, Val Loss: 0.710, Test Loss: 0.693, LOG2 MSLE: 1.229
Model saved!
aps: Fine-tuning Epoch  60, Time: 25.410s, Train Loss: 0.708, Val Loss: 0.719, Test Loss: 0.704, LOG2 MSLE: 1.257
aps: Fine-tuning Epoch  61, Time: 26.169s, Train Loss: 0.706, Val Loss: 0.712, Test Loss: 0.694, LOG2 MSLE: 1.231
aps: Fine-tuning Epoch  62, Time: 25.754s, Train Loss: 0.706, Val Loss: 0.711, Test Loss: 0.693, LOG2 MSLE: 1.232
aps: Fine-tuning Epoch  63, Time: 25.825s, Train Loss: 0.706, Val Loss: 0.717, Test Loss: 0.700, LOG2 MSLE: 1.260
aps: Fine-tuning Epoch  64, Time: 25.196s, Train Loss: 0.706, Val Loss: 0.711, Test Loss: 0.694, LOG2 MSLE: 1.230
aps: Fine-tuning Epoch  65, Time: 25.252s, Train Loss: 0.706, Val Loss: 0.717, Test Loss: 0.700, LOG2 MSLE: 1.252
aps: Fine-tuning Epoch  66, Time: 25.537s, Train Loss: 0.705, Val Loss: 0.712, Test Loss: 0.695, LOG2 MSLE: 1.233
aps: Fine-tuning Epoch  67, Time: 25.708s, Train Loss: 0.705, Val Loss: 0.711, Test Loss: 0.694, LOG2 MSLE: 1.235
aps: Fine-tuning Epoch  68, Time: 25.675s, Train Loss: 0.707, Val Loss: 0.711, Test Loss: 0.693, LOG2 MSLE: 1.230
aps: Fine-tuning Epoch  69, Time: 25.478s, Train Loss: 0.706, Val Loss: 0.713, Test Loss: 0.697, LOG2 MSLE: 1.239
aps: Fine-tuning Epoch  70, Time: 25.352s, Train Loss: 0.705, Val Loss: 0.714, Test Loss: 0.697, LOG2 MSLE: 1.237
aps: Fine-tuning Epoch  71, Time: 25.210s, Train Loss: 0.706, Val Loss: 0.714, Test Loss: 0.697, LOG2 MSLE: 1.239
aps: Fine-tuning Epoch  72, Time: 25.614s, Train Loss: 0.705, Val Loss: 0.717, Test Loss: 0.702, LOG2 MSLE: 1.251
aps: Fine-tuning Epoch  73, Time: 25.540s, Train Loss: 0.705, Val Loss: 0.718, Test Loss: 0.704, LOG2 MSLE: 1.255
aps: Fine-tuning Epoch  74, Time: 25.916s, Train Loss: 0.707, Val Loss: 0.711, Test Loss: 0.695, LOG2 MSLE: 1.232
aps: Fine-tuning Epoch  75, Time: 25.691s, Train Loss: 0.708, Val Loss: 0.714, Test Loss: 0.694, LOG2 MSLE: 1.241
aps: Fine-tuning Epoch  76, Time: 24.262s, Train Loss: 0.705, Val Loss: 0.713, Test Loss: 0.695, LOG2 MSLE: 1.242
aps: Fine-tuning Epoch  77, Time: 25.622s, Train Loss: 0.705, Val Loss: 0.710, Test Loss: 0.694, LOG2 MSLE: 1.229
aps: Fine-tuning Epoch  78, Time: 25.121s, Train Loss: 0.705, Val Loss: 0.710, Test Loss: 0.693, LOG2 MSLE: 1.232
aps: Fine-tuning Epoch  79, Time: 24.827s, Train Loss: 0.705, Val Loss: 0.716, Test Loss: 0.701, LOG2 MSLE: 1.248
Predictions saved! Best Test MSLE: 1.2292568941778492
Best Test MAPE: 0.22505745597335125
Finished! Time used: 33.521min
