nohup: 忽略输入
no social information
Start writing train set into file.
(1/7) Write train set, 100/31069, eta: 21.09 minutes
(1/7) Write train set, 200/31069, eta: 20.87 minutes
(1/7) Write train set, 300/31069, eta: 20.58 minutes
(1/7) Write train set, 400/31069, eta: 20.41 minutes
(1/7) Write train set, 500/31069, eta: 20.29 minutes
(1/7) Write train set, 600/31069, eta: 20.13 minutes
(1/7) Write train set, 700/31069, eta: 20.04 minutes
(1/7) Write train set, 800/31069, eta: 20.04 minutes
(1/7) Write train set, 900/31069, eta: 19.98 minutes
(1/7) Write train set, 1000/31069, eta: 19.93 minutes
(1/7) Write train set, 1100/31069, eta: 19.92 minutes
(1/7) Write train set, 1200/31069, eta: 19.86 minutes
(1/7) Write train set, 1300/31069, eta: 19.78 minutes
(1/7) Write train set, 1400/31069, eta: 19.70 minutes
(1/7) Write train set, 1500/31069, eta: 19.72 minutes
(1/7) Write train set, 1600/31069, eta: 19.66 minutes
(1/7) Write train set, 1700/31069, eta: 19.59 minutes
(1/7) Write train set, 1800/31069, eta: 19.50 minutes
(1/7) Write train set, 1900/31069, eta: 19.43 minutes
(1/7) Write train set, 2000/31069, eta: 19.37 minutes
(1/7) Write train set, 2100/31069, eta: 19.31 minutes
(1/7) Write train set, 2200/31069, eta: 19.25 minutes
(1/7) Write train set, 2300/31069, eta: 19.19 minutes
(1/7) Write train set, 2400/31069, eta: 19.13 minutes
(1/7) Write train set, 2500/31069, eta: 19.07 minutes
(1/7) Write train set, 2600/31069, eta: 18.98 minutes
(1/7) Write train set, 2700/31069, eta: 18.91 minutes
(1/7) Write train set, 2800/31069, eta: 18.84 minutes
(1/7) Write train set, 2900/31069, eta: 18.76 minutes
(1/7) Write train set, 3000/31069, eta: 18.69 minutes
(1/7) Write train set, 3100/31069, eta: 18.63 minutes
(1/7) Write train set, 3200/31069, eta: 18.57 minutes
(1/7) Write train set, 3300/31069, eta: 18.51 minutes
(1/7) Write train set, 3400/31069, eta: 18.43 minutes
(1/7) Write train set, 3500/31069, eta: 18.36 minutes
(1/7) Write train set, 3600/31069, eta: 18.28 minutes
(1/7) Write train set, 3700/31069, eta: 18.20 minutes
(1/7) Write train set, 3800/31069, eta: 18.13 minutes
(1/7) Write train set, 3900/31069, eta: 18.06 minutes
(1/7) Write train set, 4000/31069, eta: 17.98 minutes
(1/7) Write train set, 4100/31069, eta: 17.91 minutes
(1/7) Write train set, 4200/31069, eta: 17.84 minutes
(1/7) Write train set, 4300/31069, eta: 17.77 minutes
(1/7) Write train set, 4400/31069, eta: 17.68 minutes
(1/7) Write train set, 4500/31069, eta: 17.60 minutes
(1/7) Write train set, 4600/31069, eta: 17.53 minutes
(1/7) Write train set, 4700/31069, eta: 17.46 minutes
(1/7) Write train set, 4800/31069, eta: 17.39 minutes
(1/7) Write train set, 4900/31069, eta: 17.31 minutes
(1/7) Write train set, 5000/31069, eta: 17.23 minutes
(1/7) Write train set, 5100/31069, eta: 17.15 minutes
(1/7) Write train set, 5200/31069, eta: 17.08 minutes
(1/7) Write train set, 5300/31069, eta: 17.00 minutes
(1/7) Write train set, 5400/31069, eta: 16.93 minutes
(1/7) Write train set, 5500/31069, eta: 16.86 minutes
(1/7) Write train set, 5600/31069, eta: 16.78 minutes
(1/7) Write train set, 5700/31069, eta: 16.70 minutes
(1/7) Write train set, 5800/31069, eta: 16.63 minutes
(1/7) Write train set, 5900/31069, eta: 16.56 minutes
(1/7) Write train set, 6000/31069, eta: 16.49 minutes
(1/7) Write train set, 6100/31069, eta: 16.43 minutes
(1/7) Write train set, 6200/31069, eta: 16.36 minutes
(1/7) Write train set, 6300/31069, eta: 16.29 minutes
(1/7) Write train set, 6400/31069, eta: 16.22 minutes
(1/7) Write train set, 6500/31069, eta: 16.15 minutes
(1/7) Write train set, 6600/31069, eta: 16.08 minutes
(1/7) Write train set, 6700/31069, eta: 16.01 minutes
(1/7) Write train set, 6800/31069, eta: 15.94 minutes
(1/7) Write train set, 6900/31069, eta: 15.87 minutes
(1/7) Write train set, 7000/31069, eta: 15.80 minutes
(1/7) Write train set, 7100/31069, eta: 15.73 minutes
(1/7) Write train set, 7200/31069, eta: 15.66 minutes
(1/7) Write train set, 7300/31069, eta: 15.59 minutes
(1/7) Write train set, 7400/31069, eta: 15.52 minutes
(1/7) Write train set, 7500/31069, eta: 15.45 minutes
(1/7) Write train set, 7600/31069, eta: 15.38 minutes
(1/7) Write train set, 7700/31069, eta: 15.31 minutes
(1/7) Write train set, 7800/31069, eta: 15.24 minutes
(1/7) Write train set, 7900/31069, eta: 15.18 minutes
(1/7) Write train set, 8000/31069, eta: 15.11 minutes
(1/7) Write train set, 8100/31069, eta: 15.04 minutes
(1/7) Write train set, 8200/31069, eta: 14.97 minutes
(1/7) Write train set, 8300/31069, eta: 14.90 minutes
(1/7) Write train set, 8400/31069, eta: 14.84 minutes
(1/7) Write train set, 8500/31069, eta: 14.77 minutes
(1/7) Write train set, 8600/31069, eta: 14.71 minutes
(1/7) Write train set, 8700/31069, eta: 14.64 minutes
(1/7) Write train set, 8800/31069, eta: 14.57 minutes
(1/7) Write train set, 8900/31069, eta: 14.50 minutes
(1/7) Write train set, 9000/31069, eta: 14.43 minutes
(1/7) Write train set, 9100/31069, eta: 14.37 minutes
(1/7) Write train set, 9200/31069, eta: 14.30 minutes
(1/7) Write train set, 9300/31069, eta: 14.23 minutes
(1/7) Write train set, 9400/31069, eta: 14.16 minutes
(1/7) Write train set, 9500/31069, eta: 14.09 minutes
(1/7) Write train set, 9600/31069, eta: 14.02 minutes
(1/7) Write train set, 9700/31069, eta: 13.96 minutes
(1/7) Write train set, 9800/31069, eta: 13.90 minutes
(1/7) Write train set, 9900/31069, eta: 13.84 minutes
(1/7) Write train set, 10000/31069, eta: 13.81 minutes
(1/7) Write train set, 10100/31069, eta: 13.79 minutes
(1/7) Write train set, 10200/31069, eta: 13.74 minutes
(1/7) Write train set, 10300/31069, eta: 13.69 minutes
(1/7) Write train set, 10400/31069, eta: 13.62 minutes
(1/7) Write train set, 10500/31069, eta: 13.56 minutes
(1/7) Write train set, 10600/31069, eta: 13.50 minutes
(1/7) Write train set, 10700/31069, eta: 13.44 minutes
(1/7) Write train set, 10800/31069, eta: 13.37 minutes
(1/7) Write train set, 10900/31069, eta: 13.30 minutes
(1/7) Write train set, 11000/31069, eta: 13.24 minutes
(1/7) Write train set, 11100/31069, eta: 13.17 minutes
(1/7) Write train set, 11200/31069, eta: 13.11 minutes
(1/7) Write train set, 11300/31069, eta: 13.04 minutes
(1/7) Write train set, 11400/31069, eta: 12.97 minutes
(1/7) Write train set, 11500/31069, eta: 12.91 minutes
(1/7) Write train set, 11600/31069, eta: 12.84 minutes
(1/7) Write train set, 11700/31069, eta: 12.78 minutes
(1/7) Write train set, 11800/31069, eta: 12.72 minutes
(1/7) Write train set, 11900/31069, eta: 12.68 minutes
(1/7) Write train set, 12000/31069, eta: 12.63 minutes
(1/7) Write train set, 12100/31069, eta: 12.56 minutes
(1/7) Write train set, 12200/31069, eta: 12.50 minutes
(1/7) Write train set, 12300/31069, eta: 12.44 minutes
(1/7) Write train set, 12400/31069, eta: 12.37 minutes
(1/7) Write train set, 12500/31069, eta: 12.31 minutes
(1/7) Write train set, 12600/31069, eta: 12.24 minutes
(1/7) Write train set, 12700/31069, eta: 12.17 minutes
(1/7) Write train set, 12800/31069, eta: 12.13 minutes
(1/7) Write train set, 12900/31069, eta: 12.06 minutes
(1/7) Write train set, 13000/31069, eta: 11.99 minutes
(1/7) Write train set, 13100/31069, eta: 11.93 minutes
(1/7) Write train set, 13200/31069, eta: 11.87 minutes
(1/7) Write train set, 13300/31069, eta: 11.80 minutes
(1/7) Write train set, 13400/31069, eta: 11.74 minutes
(1/7) Write train set, 13500/31069, eta: 11.67 minutes
(1/7) Write train set, 13600/31069, eta: 11.61 minutes
(1/7) Write train set, 13700/31069, eta: 11.54 minutes
(1/7) Write train set, 13800/31069, eta: 11.50 minutes
(1/7) Write train set, 13900/31069, eta: 11.43 minutes
(1/7) Write train set, 14000/31069, eta: 11.38 minutes
(1/7) Write train set, 14100/31069, eta: 11.36 minutes
(1/7) Write train set, 14200/31069, eta: 11.29 minutes
(1/7) Write train set, 14300/31069, eta: 11.22 minutes
(1/7) Write train set, 14400/31069, eta: 11.15 minutes
(1/7) Write train set, 14500/31069, eta: 11.09 minutes
(1/7) Write train set, 14600/31069, eta: 11.02 minutes
(1/7) Write train set, 14700/31069, eta: 10.97 minutes
(1/7) Write train set, 14800/31069, eta: 10.92 minutes
(1/7) Write train set, 14900/31069, eta: 10.85 minutes
(1/7) Write train set, 15000/31069, eta: 10.79 minutes
(1/7) Write train set, 15100/31069, eta: 10.72 minutes
(1/7) Write train set, 15200/31069, eta: 10.66 minutes
(1/7) Write train set, 15300/31069, eta: 10.60 minutes
(1/7) Write train set, 15400/31069, eta: 10.56 minutes
(1/7) Write train set, 15500/31069, eta: 10.51 minutes
(1/7) Write train set, 15600/31069, eta: 10.44 minutes
(1/7) Write train set, 15700/31069, eta: 10.38 minutes
(1/7) Write train set, 15800/31069, eta: 10.32 minutes
(1/7) Write train set, 15900/31069, eta: 10.25 minutes
(1/7) Write train set, 16000/31069, eta: 10.19 minutes
(1/7) Write train set, 16100/31069, eta: 10.12 minutes
(1/7) Write train set, 16200/31069, eta: 10.05 minutes
(1/7) Write train set, 16300/31069, eta: 9.99 minutes
(1/7) Write train set, 16400/31069, eta: 9.93 minutes
(1/7) Write train set, 16500/31069, eta: 9.86 minutes
(1/7) Write train set, 16600/31069, eta: 9.79 minutes
(1/7) Write train set, 16700/31069, eta: 9.72 minutes
(1/7) Write train set, 16800/31069, eta: 9.66 minutes
(1/7) Write train set, 16900/31069, eta: 9.59 minutes
(1/7) Write train set, 17000/31069, eta: 9.52 minutes
(1/7) Write train set, 17100/31069, eta: 9.46 minutes
(1/7) Write train set, 17200/31069, eta: 9.40 minutes
(1/7) Write train set, 17300/31069, eta: 9.33 minutes
(1/7) Write train set, 17400/31069, eta: 9.27 minutes
(1/7) Write train set, 17500/31069, eta: 9.20 minutes
(1/7) Write train set, 17600/31069, eta: 9.13 minutes
(1/7) Write train set, 17700/31069, eta: 9.06 minutes
(1/7) Write train set, 17800/31069, eta: 8.99 minutes
(1/7) Write train set, 17900/31069, eta: 8.93 minutes
(1/7) Write train set, 18000/31069, eta: 8.86 minutes
(1/7) Write train set, 18100/31069, eta: 8.80 minutes
(1/7) Write train set, 18200/31069, eta: 8.74 minutes
(1/7) Write train set, 18300/31069, eta: 8.68 minutes
(1/7) Write train set, 18400/31069, eta: 8.62 minutes
(1/7) Write train set, 18500/31069, eta: 8.56 minutes
(1/7) Write train set, 18600/31069, eta: 8.49 minutes
(1/7) Write train set, 18700/31069, eta: 8.42 minutes
(1/7) Write train set, 18800/31069, eta: 8.36 minutes
(1/7) Write train set, 18900/31069, eta: 8.29 minutes
(1/7) Write train set, 19000/31069, eta: 8.23 minutes
(1/7) Write train set, 19100/31069, eta: 8.16 minutes
(1/7) Write train set, 19200/31069, eta: 8.09 minutes
(1/7) Write train set, 19300/31069, eta: 8.05 minutes
(1/7) Write train set, 19400/31069, eta: 7.98 minutes
(1/7) Write train set, 19500/31069, eta: 7.91 minutes
(1/7) Write train set, 19600/31069, eta: 7.84 minutes
(1/7) Write train set, 19700/31069, eta: 7.77 minutes
(1/7) Write train set, 19800/31069, eta: 7.70 minutes
(1/7) Write train set, 19900/31069, eta: 7.64 minutes
(1/7) Write train set, 20000/31069, eta: 7.57 minutes
(1/7) Write train set, 20100/31069, eta: 7.50 minutes
(1/7) Write train set, 20200/31069, eta: 7.43 minutes
(1/7) Write train set, 20300/31069, eta: 7.36 minutes
(1/7) Write train set, 20400/31069, eta: 7.29 minutes
(1/7) Write train set, 20500/31069, eta: 7.23 minutes
(1/7) Write train set, 20600/31069, eta: 7.17 minutes
(1/7) Write train set, 20700/31069, eta: 7.10 minutes
(1/7) Write train set, 20800/31069, eta: 7.03 minutes
(1/7) Write train set, 20900/31069, eta: 6.96 minutes
(1/7) Write train set, 21000/31069, eta: 6.91 minutes
(1/7) Write train set, 21100/31069, eta: 6.85 minutes
(1/7) Write train set, 21200/31069, eta: 6.78 minutes
(1/7) Write train set, 21300/31069, eta: 6.71 minutes
(1/7) Write train set, 21400/31069, eta: 6.64 minutes
(1/7) Write train set, 21500/31069, eta: 6.57 minutes
(1/7) Write train set, 21600/31069, eta: 6.50 minutes
(1/7) Write train set, 21700/31069, eta: 6.43 minutes
(1/7) Write train set, 21800/31069, eta: 6.36 minutes
(1/7) Write train set, 21900/31069, eta: 6.29 minutes
(1/7) Write train set, 22000/31069, eta: 6.22 minutes
(1/7) Write train set, 22100/31069, eta: 6.15 minutes
(1/7) Write train set, 22200/31069, eta: 6.08 minutes
(1/7) Write train set, 22300/31069, eta: 6.02 minutes
(1/7) Write train set, 22400/31069, eta: 5.95 minutes
(1/7) Write train set, 22500/31069, eta: 5.88 minutes
(1/7) Write train set, 22600/31069, eta: 5.81 minutes
(1/7) Write train set, 22700/31069, eta: 5.74 minutes
(1/7) Write train set, 22800/31069, eta: 5.67 minutes
(1/7) Write train set, 22900/31069, eta: 5.60 minutes
(1/7) Write train set, 23000/31069, eta: 5.53 minutes
(1/7) Write train set, 23100/31069, eta: 5.46 minutes
(1/7) Write train set, 23200/31069, eta: 5.39 minutes
(1/7) Write train set, 23300/31069, eta: 5.32 minutes
(1/7) Write train set, 23400/31069, eta: 5.26 minutes
(1/7) Write train set, 23500/31069, eta: 5.19 minutes
(1/7) Write train set, 23600/31069, eta: 5.12 minutes
(1/7) Write train set, 23700/31069, eta: 5.06 minutes
(1/7) Write train set, 23800/31069, eta: 4.99 minutes
(1/7) Write train set, 23900/31069, eta: 4.92 minutes
(1/7) Write train set, 24000/31069, eta: 4.86 minutes
(1/7) Write train set, 24100/31069, eta: 4.79 minutes
(1/7) Write train set, 24200/31069, eta: 4.72 minutes
(1/7) Write train set, 24300/31069, eta: 4.65 minutes
(1/7) Write train set, 24400/31069, eta: 4.58 minutes
(1/7) Write train set, 24500/31069, eta: 4.51 minutes
(1/7) Write train set, 24600/31069, eta: 4.44 minutes
(1/7) Write train set, 24700/31069, eta: 4.37 minutes
(1/7) Write train set, 24800/31069, eta: 4.30 minutes
(1/7) Write train set, 24900/31069, eta: 4.24 minutes
(1/7) Write train set, 25000/31069, eta: 4.18 minutes
(1/7) Write train set, 25100/31069, eta: 4.11 minutes
(1/7) Write train set, 25200/31069, eta: 4.04 minutes
(1/7) Write train set, 25300/31069, eta: 3.97 minutes
(1/7) Write train set, 25400/31069, eta: 3.91 minutes
(1/7) Write train set, 25500/31069, eta: 3.84 minutes
(1/7) Write train set, 25600/31069, eta: 3.77 minutes
(1/7) Write train set, 25700/31069, eta: 3.70 minutes
(1/7) Write train set, 25800/31069, eta: 3.63 minutes
(1/7) Write train set, 25900/31069, eta: 3.56 minutes
(1/7) Write train set, 26000/31069, eta: 3.49 minutes
(1/7) Write train set, 26100/31069, eta: 3.43 minutes
(1/7) Write train set, 26200/31069, eta: 3.36 minutes
(1/7) Write train set, 26300/31069, eta: 3.30 minutes
(1/7) Write train set, 26400/31069, eta: 3.23 minutes
(1/7) Write train set, 26500/31069, eta: 3.16 minutes
(1/7) Write train set, 26600/31069, eta: 3.10 minutes
(1/7) Write train set, 26700/31069, eta: 3.03 minutes
(1/7) Write train set, 26800/31069, eta: 2.96 minutes
(1/7) Write train set, 26900/31069, eta: 2.89 minutes
(1/7) Write train set, 27000/31069, eta: 2.82 minutes
(1/7) Write train set, 27100/31069, eta: 2.75 minutes
(1/7) Write train set, 27200/31069, eta: 2.68 minutes
(1/7) Write train set, 27300/31069, eta: 2.61 minutes
(1/7) Write train set, 27400/31069, eta: 2.54 minutes
(1/7) Write train set, 27500/31069, eta: 2.47 minutes
(1/7) Write train set, 27600/31069, eta: 2.40 minutes
(1/7) Write train set, 27700/31069, eta: 2.33 minutes
(1/7) Write train set, 27800/31069, eta: 2.26 minutes
(1/7) Write train set, 27900/31069, eta: 2.19 minutes
(1/7) Write train set, 28000/31069, eta: 2.12 minutes
(1/7) Write train set, 28100/31069, eta: 2.05 minutes
(1/7) Write train set, 28200/31069, eta: 1.98 minutes
(1/7) Write train set, 28300/31069, eta: 1.92 minutes
(1/7) Write train set, 28400/31069, eta: 1.85 minutes
(1/7) Write train set, 28500/31069, eta: 1.78 minutes
(1/7) Write train set, 28600/31069, eta: 1.71 minutes
(1/7) Write train set, 28700/31069, eta: 1.64 minutes
(1/7) Write train set, 28800/31069, eta: 1.57 minutes
(1/7) Write train set, 28900/31069, eta: 1.50 minutes
(1/7) Write train set, 29000/31069, eta: 1.43 minutes
(1/7) Write train set, 29100/31069, eta: 1.36 minutes
(1/7) Write train set, 29200/31069, eta: 1.29 minutes
(1/7) Write train set, 29300/31069, eta: 1.22 minutes
(1/7) Write train set, 29400/31069, eta: 1.16 minutes
(1/7) Write train set, 29500/31069, eta: 1.09 minutes
(1/7) Write train set, 29600/31069, eta: 1.02 minutes
(1/7) Write train set, 29700/31069, eta: 0.95 minutes
(1/7) Write train set, 29800/31069, eta: 0.88 minutes
(1/7) Write train set, 29900/31069, eta: 0.81 minutes
(1/7) Write train set, 30000/31069, eta: 0.74 minutes
(1/7) Write train set, 30100/31069, eta: 0.67 minutes
(1/7) Write train set, 30200/31069, eta: 0.60 minutes
(1/7) Write train set, 30300/31069, eta: 0.53 minutes
(1/7) Write train set, 30400/31069, eta: 0.46 minutes
(1/7) Write train set, 30500/31069, eta: 0.39 minutes
(1/7) Write train set, 30600/31069, eta: 0.32 minutes
(1/7) Write train set, 30700/31069, eta: 0.26 minutes
(1/7) Write train set, 30800/31069, eta: 0.19 minutes
(1/7) Write train set, 30900/31069, eta: 0.12 minutes
(1/7) Write train set, 31000/31069, eta: 0.05 minutes
Start writing validation set into file.
(2/7) Write val set, 100/6639, eta: 4.24 minutes
(2/7) Write val set, 200/6639, eta: 4.23 minutes
(2/7) Write val set, 300/6639, eta: 4.20 minutes
(2/7) Write val set, 400/6639, eta: 4.13 minutes
(2/7) Write val set, 500/6639, eta: 4.05 minutes
(2/7) Write val set, 600/6639, eta: 3.99 minutes
(2/7) Write val set, 700/6639, eta: 3.94 minutes
(2/7) Write val set, 800/6639, eta: 3.89 minutes
(2/7) Write val set, 900/6639, eta: 3.82 minutes
(2/7) Write val set, 1000/6639, eta: 3.76 minutes
(2/7) Write val set, 1100/6639, eta: 3.70 minutes
(2/7) Write val set, 1200/6639, eta: 3.63 minutes
(2/7) Write val set, 1300/6639, eta: 3.57 minutes
(2/7) Write val set, 1400/6639, eta: 3.49 minutes
(2/7) Write val set, 1500/6639, eta: 3.42 minutes
(2/7) Write val set, 1600/6639, eta: 3.36 minutes
(2/7) Write val set, 1700/6639, eta: 3.29 minutes
(2/7) Write val set, 1800/6639, eta: 3.23 minutes
(2/7) Write val set, 1900/6639, eta: 3.17 minutes
(2/7) Write val set, 2000/6639, eta: 3.10 minutes
(2/7) Write val set, 2100/6639, eta: 3.03 minutes
(2/7) Write val set, 2200/6639, eta: 2.96 minutes
(2/7) Write val set, 2300/6639, eta: 2.89 minutes
(2/7) Write val set, 2400/6639, eta: 2.82 minutes
(2/7) Write val set, 2500/6639, eta: 2.76 minutes
(2/7) Write val set, 2600/6639, eta: 2.69 minutes
(2/7) Write val set, 2700/6639, eta: 2.62 minutes
(2/7) Write val set, 2800/6639, eta: 2.55 minutes
(2/7) Write val set, 2900/6639, eta: 2.49 minutes
(2/7) Write val set, 3000/6639, eta: 2.42 minutes
(2/7) Write val set, 3100/6639, eta: 2.36 minutes
(2/7) Write val set, 3200/6639, eta: 2.29 minutes
(2/7) Write val set, 3300/6639, eta: 2.22 minutes
(2/7) Write val set, 3400/6639, eta: 2.16 minutes
(2/7) Write val set, 3500/6639, eta: 2.09 minutes
(2/7) Write val set, 3600/6639, eta: 2.02 minutes
(2/7) Write val set, 3700/6639, eta: 1.96 minutes
(2/7) Write val set, 3800/6639, eta: 1.89 minutes
(2/7) Write val set, 3900/6639, eta: 1.83 minutes
(2/7) Write val set, 4000/6639, eta: 1.76 minutes
(2/7) Write val set, 4100/6639, eta: 1.70 minutes
(2/7) Write val set, 4200/6639, eta: 1.63 minutes
(2/7) Write val set, 4300/6639, eta: 1.56 minutes
(2/7) Write val set, 4400/6639, eta: 1.49 minutes
(2/7) Write val set, 4500/6639, eta: 1.43 minutes
(2/7) Write val set, 4600/6639, eta: 1.36 minutes
(2/7) Write val set, 4700/6639, eta: 1.30 minutes
(2/7) Write val set, 4800/6639, eta: 1.23 minutes
(2/7) Write val set, 4900/6639, eta: 1.16 minutes
(2/7) Write val set, 5000/6639, eta: 1.10 minutes
(2/7) Write val set, 5100/6639, eta: 1.03 minutes
(2/7) Write val set, 5200/6639, eta: 0.96 minutes
(2/7) Write val set, 5300/6639, eta: 0.90 minutes
(2/7) Write val set, 5400/6639, eta: 0.83 minutes
(2/7) Write val set, 5500/6639, eta: 0.76 minutes
(2/7) Write val set, 5600/6639, eta: 0.70 minutes
(2/7) Write val set, 5700/6639, eta: 0.63 minutes
(2/7) Write val set, 5800/6639, eta: 0.56 minutes
(2/7) Write val set, 5900/6639, eta: 0.49 minutes
(2/7) Write val set, 6000/6639, eta: 0.43 minutes
(2/7) Write val set, 6100/6639, eta: 0.36 minutes
(2/7) Write val set, 6200/6639, eta: 0.29 minutes
(2/7) Write val set, 6300/6639, eta: 0.23 minutes
(2/7) Write val set, 6400/6639, eta: 0.16 minutes
(2/7) Write val set, 6500/6639, eta: 0.09 minutes
(2/7) Write val set, 6600/6639, eta: 0.03 minutes
Start writing test set into file.
(3/7) Write test set, 100/6646, eta: 4.32 minutes
(3/7) Write test set, 200/6646, eta: 4.29 minutes
(3/7) Write test set, 300/6646, eta: 4.23 minutes
(3/7) Write test set, 400/6646, eta: 4.14 minutes
(3/7) Write test set, 500/6646, eta: 4.09 minutes
(3/7) Write test set, 600/6646, eta: 4.02 minutes
(3/7) Write test set, 700/6646, eta: 3.96 minutes
(3/7) Write test set, 800/6646, eta: 3.89 minutes
(3/7) Write test set, 900/6646, eta: 3.83 minutes
(3/7) Write test set, 1000/6646, eta: 3.76 minutes
(3/7) Write test set, 1100/6646, eta: 3.72 minutes
(3/7) Write test set, 1200/6646, eta: 3.65 minutes
(3/7) Write test set, 1300/6646, eta: 3.58 minutes
(3/7) Write test set, 1400/6646, eta: 3.51 minutes
(3/7) Write test set, 1500/6646, eta: 3.44 minutes
(3/7) Write test set, 1600/6646, eta: 3.38 minutes
(3/7) Write test set, 1700/6646, eta: 3.32 minutes
(3/7) Write test set, 1800/6646, eta: 3.27 minutes
(3/7) Write test set, 1900/6646, eta: 3.21 minutes
(3/7) Write test set, 2000/6646, eta: 3.15 minutes
(3/7) Write test set, 2100/6646, eta: 3.08 minutes
(3/7) Write test set, 2200/6646, eta: 3.01 minutes
(3/7) Write test set, 2300/6646, eta: 2.94 minutes
(3/7) Write test set, 2400/6646, eta: 2.87 minutes
(3/7) Write test set, 2500/6646, eta: 2.80 minutes
(3/7) Write test set, 2600/6646, eta: 2.73 minutes
(3/7) Write test set, 2700/6646, eta: 2.66 minutes
(3/7) Write test set, 2800/6646, eta: 2.59 minutes
(3/7) Write test set, 2900/6646, eta: 2.53 minutes
(3/7) Write test set, 3000/6646, eta: 2.46 minutes
(3/7) Write test set, 3100/6646, eta: 2.39 minutes
(3/7) Write test set, 3200/6646, eta: 2.33 minutes
(3/7) Write test set, 3300/6646, eta: 2.26 minutes
(3/7) Write test set, 3400/6646, eta: 2.19 minutes
(3/7) Write test set, 3500/6646, eta: 2.14 minutes
(3/7) Write test set, 3600/6646, eta: 2.08 minutes
(3/7) Write test set, 3700/6646, eta: 2.01 minutes
(3/7) Write test set, 3800/6646, eta: 1.95 minutes
(3/7) Write test set, 3900/6646, eta: 1.89 minutes
(3/7) Write test set, 4000/6646, eta: 1.82 minutes
(3/7) Write test set, 4100/6646, eta: 1.76 minutes
(3/7) Write test set, 4200/6646, eta: 1.69 minutes
(3/7) Write test set, 4300/6646, eta: 1.62 minutes
(3/7) Write test set, 4400/6646, eta: 1.55 minutes
(3/7) Write test set, 4500/6646, eta: 1.48 minutes
(3/7) Write test set, 4600/6646, eta: 1.41 minutes
(3/7) Write test set, 4700/6646, eta: 1.34 minutes
(3/7) Write test set, 4800/6646, eta: 1.27 minutes
(3/7) Write test set, 4900/6646, eta: 1.20 minutes
(3/7) Write test set, 5000/6646, eta: 1.13 minutes
(3/7) Write test set, 5100/6646, eta: 1.06 minutes
(3/7) Write test set, 5200/6646, eta: 0.99 minutes
(3/7) Write test set, 5300/6646, eta: 0.92 minutes
(3/7) Write test set, 5400/6646, eta: 0.86 minutes
(3/7) Write test set, 5500/6646, eta: 0.79 minutes
(3/7) Write test set, 5600/6646, eta: 0.72 minutes
(3/7) Write test set, 5700/6646, eta: 0.65 minutes
(3/7) Write test set, 5800/6646, eta: 0.58 minutes
(3/7) Write test set, 5900/6646, eta: 0.51 minutes
(3/7) Write test set, 6000/6646, eta: 0.44 minutes
(3/7) Write test set, 6100/6646, eta: 0.37 minutes
(3/7) Write test set, 6200/6646, eta: 0.31 minutes
(3/7) Write test set, 6300/6646, eta: 0.24 minutes
(3/7) Write test set, 6400/6646, eta: 0.17 minutes
(3/7) Write test set, 6500/6646, eta: 0.10 minutes
(3/7) Write test set, 6600/6646, eta: 0.03 minutes
Start writing aug set 1 into file.
(4/7) Write augmented cascade graphs, 100/31069, eta: 21.43 minutes
(4/7) Write augmented cascade graphs, 200/31069, eta: 20.98 minutes
(4/7) Write augmented cascade graphs, 300/31069, eta: 20.66 minutes
(4/7) Write augmented cascade graphs, 400/31069, eta: 20.48 minutes
(4/7) Write augmented cascade graphs, 500/31069, eta: 20.39 minutes
(4/7) Write augmented cascade graphs, 600/31069, eta: 20.26 minutes
(4/7) Write augmented cascade graphs, 700/31069, eta: 20.20 minutes
(4/7) Write augmented cascade graphs, 800/31069, eta: 20.14 minutes
(4/7) Write augmented cascade graphs, 900/31069, eta: 20.06 minutes
(4/7) Write augmented cascade graphs, 1000/31069, eta: 20.00 minutes
(4/7) Write augmented cascade graphs, 1100/31069, eta: 19.91 minutes
(4/7) Write augmented cascade graphs, 1200/31069, eta: 19.85 minutes
(4/7) Write augmented cascade graphs, 1300/31069, eta: 19.77 minutes
(4/7) Write augmented cascade graphs, 1400/31069, eta: 19.69 minutes
(4/7) Write augmented cascade graphs, 1500/31069, eta: 19.67 minutes
(4/7) Write augmented cascade graphs, 1600/31069, eta: 19.62 minutes
(4/7) Write augmented cascade graphs, 1700/31069, eta: 19.55 minutes
(4/7) Write augmented cascade graphs, 1800/31069, eta: 19.47 minutes
(4/7) Write augmented cascade graphs, 1900/31069, eta: 19.40 minutes
(4/7) Write augmented cascade graphs, 2000/31069, eta: 19.33 minutes
(4/7) Write augmented cascade graphs, 2100/31069, eta: 19.28 minutes
(4/7) Write augmented cascade graphs, 2200/31069, eta: 19.23 minutes
(4/7) Write augmented cascade graphs, 2300/31069, eta: 19.17 minutes
(4/7) Write augmented cascade graphs, 2400/31069, eta: 19.10 minutes
(4/7) Write augmented cascade graphs, 2500/31069, eta: 19.03 minutes
(4/7) Write augmented cascade graphs, 2600/31069, eta: 18.95 minutes
(4/7) Write augmented cascade graphs, 2700/31069, eta: 18.87 minutes
(4/7) Write augmented cascade graphs, 2800/31069, eta: 18.81 minutes
(4/7) Write augmented cascade graphs, 2900/31069, eta: 18.74 minutes
(4/7) Write augmented cascade graphs, 3000/31069, eta: 18.66 minutes
(4/7) Write augmented cascade graphs, 3100/31069, eta: 18.60 minutes
(4/7) Write augmented cascade graphs, 3200/31069, eta: 18.53 minutes
(4/7) Write augmented cascade graphs, 3300/31069, eta: 18.46 minutes
(4/7) Write augmented cascade graphs, 3400/31069, eta: 18.39 minutes
(4/7) Write augmented cascade graphs, 3500/31069, eta: 18.32 minutes
(4/7) Write augmented cascade graphs, 3600/31069, eta: 18.25 minutes
(4/7) Write augmented cascade graphs, 3700/31069, eta: 18.19 minutes
(4/7) Write augmented cascade graphs, 3800/31069, eta: 18.13 minutes
(4/7) Write augmented cascade graphs, 3900/31069, eta: 18.06 minutes
(4/7) Write augmented cascade graphs, 4000/31069, eta: 18.00 minutes
(4/7) Write augmented cascade graphs, 4100/31069, eta: 17.93 minutes
(4/7) Write augmented cascade graphs, 4200/31069, eta: 17.87 minutes
(4/7) Write augmented cascade graphs, 4300/31069, eta: 17.82 minutes
(4/7) Write augmented cascade graphs, 4400/31069, eta: 17.75 minutes
(4/7) Write augmented cascade graphs, 4500/31069, eta: 17.68 minutes
(4/7) Write augmented cascade graphs, 4600/31069, eta: 17.61 minutes
(4/7) Write augmented cascade graphs, 4700/31069, eta: 17.54 minutes
(4/7) Write augmented cascade graphs, 4800/31069, eta: 17.49 minutes
(4/7) Write augmented cascade graphs, 4900/31069, eta: 17.41 minutes
(4/7) Write augmented cascade graphs, 5000/31069, eta: 17.34 minutes
(4/7) Write augmented cascade graphs, 5100/31069, eta: 17.28 minutes
(4/7) Write augmented cascade graphs, 5200/31069, eta: 17.21 minutes
(4/7) Write augmented cascade graphs, 5300/31069, eta: 17.14 minutes
(4/7) Write augmented cascade graphs, 5400/31069, eta: 17.07 minutes
(4/7) Write augmented cascade graphs, 5500/31069, eta: 17.01 minutes
(4/7) Write augmented cascade graphs, 5600/31069, eta: 16.93 minutes
(4/7) Write augmented cascade graphs, 5700/31069, eta: 16.86 minutes
(4/7) Write augmented cascade graphs, 5800/31069, eta: 16.80 minutes
(4/7) Write augmented cascade graphs, 5900/31069, eta: 16.73 minutes
(4/7) Write augmented cascade graphs, 6000/31069, eta: 16.66 minutes
(4/7) Write augmented cascade graphs, 6100/31069, eta: 16.60 minutes
(4/7) Write augmented cascade graphs, 6200/31069, eta: 16.53 minutes
(4/7) Write augmented cascade graphs, 6300/31069, eta: 16.46 minutes
(4/7) Write augmented cascade graphs, 6400/31069, eta: 16.39 minutes
(4/7) Write augmented cascade graphs, 6500/31069, eta: 16.33 minutes
(4/7) Write augmented cascade graphs, 6600/31069, eta: 16.26 minutes
(4/7) Write augmented cascade graphs, 6700/31069, eta: 16.20 minutes
(4/7) Write augmented cascade graphs, 6800/31069, eta: 16.14 minutes
(4/7) Write augmented cascade graphs, 6900/31069, eta: 16.07 minutes
(4/7) Write augmented cascade graphs, 7000/31069, eta: 16.01 minutes
(4/7) Write augmented cascade graphs, 7100/31069, eta: 15.95 minutes
(4/7) Write augmented cascade graphs, 7200/31069, eta: 15.88 minutes
(4/7) Write augmented cascade graphs, 7300/31069, eta: 15.81 minutes
(4/7) Write augmented cascade graphs, 7400/31069, eta: 15.74 minutes
(4/7) Write augmented cascade graphs, 7500/31069, eta: 15.67 minutes
(4/7) Write augmented cascade graphs, 7600/31069, eta: 15.60 minutes
(4/7) Write augmented cascade graphs, 7700/31069, eta: 15.53 minutes
(4/7) Write augmented cascade graphs, 7800/31069, eta: 15.46 minutes
(4/7) Write augmented cascade graphs, 7900/31069, eta: 15.40 minutes
(4/7) Write augmented cascade graphs, 8000/31069, eta: 15.33 minutes
(4/7) Write augmented cascade graphs, 8100/31069, eta: 15.27 minutes
(4/7) Write augmented cascade graphs, 8200/31069, eta: 15.20 minutes
(4/7) Write augmented cascade graphs, 8300/31069, eta: 15.13 minutes
(4/7) Write augmented cascade graphs, 8400/31069, eta: 15.07 minutes
(4/7) Write augmented cascade graphs, 8500/31069, eta: 15.00 minutes
(4/7) Write augmented cascade graphs, 8600/31069, eta: 14.93 minutes
(4/7) Write augmented cascade graphs, 8700/31069, eta: 14.86 minutes
(4/7) Write augmented cascade graphs, 8800/31069, eta: 14.80 minutes
(4/7) Write augmented cascade graphs, 8900/31069, eta: 14.73 minutes
(4/7) Write augmented cascade graphs, 9000/31069, eta: 14.66 minutes
(4/7) Write augmented cascade graphs, 9100/31069, eta: 14.60 minutes
(4/7) Write augmented cascade graphs, 9200/31069, eta: 14.53 minutes
(4/7) Write augmented cascade graphs, 9300/31069, eta: 14.46 minutes
(4/7) Write augmented cascade graphs, 9400/31069, eta: 14.39 minutes
(4/7) Write augmented cascade graphs, 9500/31069, eta: 14.32 minutes
(4/7) Write augmented cascade graphs, 9600/31069, eta: 14.25 minutes
(4/7) Write augmented cascade graphs, 9700/31069, eta: 14.18 minutes
(4/7) Write augmented cascade graphs, 9800/31069, eta: 14.11 minutes
(4/7) Write augmented cascade graphs, 9900/31069, eta: 14.04 minutes
(4/7) Write augmented cascade graphs, 10000/31069, eta: 13.98 minutes
(4/7) Write augmented cascade graphs, 10100/31069, eta: 13.90 minutes
(4/7) Write augmented cascade graphs, 10200/31069, eta: 13.84 minutes
(4/7) Write augmented cascade graphs, 10300/31069, eta: 13.78 minutes
(4/7) Write augmented cascade graphs, 10400/31069, eta: 13.72 minutes
(4/7) Write augmented cascade graphs, 10500/31069, eta: 13.67 minutes
(4/7) Write augmented cascade graphs, 10600/31069, eta: 13.61 minutes
(4/7) Write augmented cascade graphs, 10700/31069, eta: 13.55 minutes
(4/7) Write augmented cascade graphs, 10800/31069, eta: 13.49 minutes
(4/7) Write augmented cascade graphs, 10900/31069, eta: 13.42 minutes
(4/7) Write augmented cascade graphs, 11000/31069, eta: 13.35 minutes
(4/7) Write augmented cascade graphs, 11100/31069, eta: 13.28 minutes
(4/7) Write augmented cascade graphs, 11200/31069, eta: 13.22 minutes
(4/7) Write augmented cascade graphs, 11300/31069, eta: 13.15 minutes
(4/7) Write augmented cascade graphs, 11400/31069, eta: 13.09 minutes
(4/7) Write augmented cascade graphs, 11500/31069, eta: 13.02 minutes
(4/7) Write augmented cascade graphs, 11600/31069, eta: 12.96 minutes
(4/7) Write augmented cascade graphs, 11700/31069, eta: 12.89 minutes
(4/7) Write augmented cascade graphs, 11800/31069, eta: 12.82 minutes
(4/7) Write augmented cascade graphs, 11900/31069, eta: 12.74 minutes
(4/7) Write augmented cascade graphs, 12000/31069, eta: 12.67 minutes
(4/7) Write augmented cascade graphs, 12100/31069, eta: 12.60 minutes
(4/7) Write augmented cascade graphs, 12200/31069, eta: 12.54 minutes
(4/7) Write augmented cascade graphs, 12300/31069, eta: 12.48 minutes
(4/7) Write augmented cascade graphs, 12400/31069, eta: 12.42 minutes
(4/7) Write augmented cascade graphs, 12500/31069, eta: 12.36 minutes
(4/7) Write augmented cascade graphs, 12600/31069, eta: 12.30 minutes
(4/7) Write augmented cascade graphs, 12700/31069, eta: 12.24 minutes
(4/7) Write augmented cascade graphs, 12800/31069, eta: 12.18 minutes
(4/7) Write augmented cascade graphs, 12900/31069, eta: 12.12 minutes
(4/7) Write augmented cascade graphs, 13000/31069, eta: 12.06 minutes
(4/7) Write augmented cascade graphs, 13100/31069, eta: 12.01 minutes
(4/7) Write augmented cascade graphs, 13200/31069, eta: 11.95 minutes
(4/7) Write augmented cascade graphs, 13300/31069, eta: 11.89 minutes
(4/7) Write augmented cascade graphs, 13400/31069, eta: 11.83 minutes
(4/7) Write augmented cascade graphs, 13500/31069, eta: 11.77 minutes
(4/7) Write augmented cascade graphs, 13600/31069, eta: 11.70 minutes
(4/7) Write augmented cascade graphs, 13700/31069, eta: 11.64 minutes
(4/7) Write augmented cascade graphs, 13800/31069, eta: 11.57 minutes
(4/7) Write augmented cascade graphs, 13900/31069, eta: 11.51 minutes
(4/7) Write augmented cascade graphs, 14000/31069, eta: 11.44 minutes
(4/7) Write augmented cascade graphs, 14100/31069, eta: 11.38 minutes
(4/7) Write augmented cascade graphs, 14200/31069, eta: 11.32 minutes
(4/7) Write augmented cascade graphs, 14300/31069, eta: 11.26 minutes
(4/7) Write augmented cascade graphs, 14400/31069, eta: 11.19 minutes
(4/7) Write augmented cascade graphs, 14500/31069, eta: 11.12 minutes
(4/7) Write augmented cascade graphs, 14600/31069, eta: 11.05 minutes
(4/7) Write augmented cascade graphs, 14700/31069, eta: 10.98 minutes
(4/7) Write augmented cascade graphs, 14800/31069, eta: 10.91 minutes
(4/7) Write augmented cascade graphs, 14900/31069, eta: 10.84 minutes
(4/7) Write augmented cascade graphs, 15000/31069, eta: 10.77 minutes
(4/7) Write augmented cascade graphs, 15100/31069, eta: 10.70 minutes
(4/7) Write augmented cascade graphs, 15200/31069, eta: 10.63 minutes
(4/7) Write augmented cascade graphs, 15300/31069, eta: 10.56 minutes
(4/7) Write augmented cascade graphs, 15400/31069, eta: 10.49 minutes
(4/7) Write augmented cascade graphs, 15500/31069, eta: 10.42 minutes
(4/7) Write augmented cascade graphs, 15600/31069, eta: 10.35 minutes
(4/7) Write augmented cascade graphs, 15700/31069, eta: 10.28 minutes
(4/7) Write augmented cascade graphs, 15800/31069, eta: 10.21 minutes
(4/7) Write augmented cascade graphs, 15900/31069, eta: 10.14 minutes
(4/7) Write augmented cascade graphs, 16000/31069, eta: 10.07 minutes
(4/7) Write augmented cascade graphs, 16100/31069, eta: 10.00 minutes
(4/7) Write augmented cascade graphs, 16200/31069, eta: 9.93 minutes
(4/7) Write augmented cascade graphs, 16300/31069, eta: 9.86 minutes
(4/7) Write augmented cascade graphs, 16400/31069, eta: 9.79 minutes
(4/7) Write augmented cascade graphs, 16500/31069, eta: 9.72 minutes
(4/7) Write augmented cascade graphs, 16600/31069, eta: 9.65 minutes
(4/7) Write augmented cascade graphs, 16700/31069, eta: 9.58 minutes
(4/7) Write augmented cascade graphs, 16800/31069, eta: 9.51 minutes
(4/7) Write augmented cascade graphs, 16900/31069, eta: 9.44 minutes
(4/7) Write augmented cascade graphs, 17000/31069, eta: 9.37 minutes
(4/7) Write augmented cascade graphs, 17100/31069, eta: 9.30 minutes
(4/7) Write augmented cascade graphs, 17200/31069, eta: 9.23 minutes
(4/7) Write augmented cascade graphs, 17300/31069, eta: 9.16 minutes
(4/7) Write augmented cascade graphs, 17400/31069, eta: 9.09 minutes
(4/7) Write augmented cascade graphs, 17500/31069, eta: 9.02 minutes
(4/7) Write augmented cascade graphs, 17600/31069, eta: 8.96 minutes
(4/7) Write augmented cascade graphs, 17700/31069, eta: 8.89 minutes
(4/7) Write augmented cascade graphs, 17800/31069, eta: 8.82 minutes
(4/7) Write augmented cascade graphs, 17900/31069, eta: 8.75 minutes
(4/7) Write augmented cascade graphs, 18000/31069, eta: 8.68 minutes
(4/7) Write augmented cascade graphs, 18100/31069, eta: 8.61 minutes
(4/7) Write augmented cascade graphs, 18200/31069, eta: 8.54 minutes
(4/7) Write augmented cascade graphs, 18300/31069, eta: 8.47 minutes
(4/7) Write augmented cascade graphs, 18400/31069, eta: 8.40 minutes
(4/7) Write augmented cascade graphs, 18500/31069, eta: 8.34 minutes
(4/7) Write augmented cascade graphs, 18600/31069, eta: 8.27 minutes
(4/7) Write augmented cascade graphs, 18700/31069, eta: 8.20 minutes
(4/7) Write augmented cascade graphs, 18800/31069, eta: 8.13 minutes
(4/7) Write augmented cascade graphs, 18900/31069, eta: 8.06 minutes
(4/7) Write augmented cascade graphs, 19000/31069, eta: 8.00 minutes
(4/7) Write augmented cascade graphs, 19100/31069, eta: 7.93 minutes
(4/7) Write augmented cascade graphs, 19200/31069, eta: 7.86 minutes
(4/7) Write augmented cascade graphs, 19300/31069, eta: 7.79 minutes
(4/7) Write augmented cascade graphs, 19400/31069, eta: 7.72 minutes
(4/7) Write augmented cascade graphs, 19500/31069, eta: 7.66 minutes
(4/7) Write augmented cascade graphs, 19600/31069, eta: 7.59 minutes
(4/7) Write augmented cascade graphs, 19700/31069, eta: 7.52 minutes
(4/7) Write augmented cascade graphs, 19800/31069, eta: 7.45 minutes
(4/7) Write augmented cascade graphs, 19900/31069, eta: 7.38 minutes
(4/7) Write augmented cascade graphs, 20000/31069, eta: 7.32 minutes
(4/7) Write augmented cascade graphs, 20100/31069, eta: 7.25 minutes
(4/7) Write augmented cascade graphs, 20200/31069, eta: 7.18 minutes
(4/7) Write augmented cascade graphs, 20300/31069, eta: 7.11 minutes
(4/7) Write augmented cascade graphs, 20400/31069, eta: 7.04 minutes
(4/7) Write augmented cascade graphs, 20500/31069, eta: 6.98 minutes
(4/7) Write augmented cascade graphs, 20600/31069, eta: 6.91 minutes
(4/7) Write augmented cascade graphs, 20700/31069, eta: 6.84 minutes
(4/7) Write augmented cascade graphs, 20800/31069, eta: 6.78 minutes
(4/7) Write augmented cascade graphs, 20900/31069, eta: 6.71 minutes
(4/7) Write augmented cascade graphs, 21000/31069, eta: 6.64 minutes
(4/7) Write augmented cascade graphs, 21100/31069, eta: 6.57 minutes
(4/7) Write augmented cascade graphs, 21200/31069, eta: 6.51 minutes
(4/7) Write augmented cascade graphs, 21300/31069, eta: 6.44 minutes
(4/7) Write augmented cascade graphs, 21400/31069, eta: 6.37 minutes
(4/7) Write augmented cascade graphs, 21500/31069, eta: 6.31 minutes
(4/7) Write augmented cascade graphs, 21600/31069, eta: 6.24 minutes
(4/7) Write augmented cascade graphs, 21700/31069, eta: 6.17 minutes
(4/7) Write augmented cascade graphs, 21800/31069, eta: 6.10 minutes
(4/7) Write augmented cascade graphs, 21900/31069, eta: 6.04 minutes
(4/7) Write augmented cascade graphs, 22000/31069, eta: 5.97 minutes
(4/7) Write augmented cascade graphs, 22100/31069, eta: 5.90 minutes
(4/7) Write augmented cascade graphs, 22200/31069, eta: 5.84 minutes
(4/7) Write augmented cascade graphs, 22300/31069, eta: 5.77 minutes
(4/7) Write augmented cascade graphs, 22400/31069, eta: 5.70 minutes
(4/7) Write augmented cascade graphs, 22500/31069, eta: 5.64 minutes
(4/7) Write augmented cascade graphs, 22600/31069, eta: 5.57 minutes
(4/7) Write augmented cascade graphs, 22700/31069, eta: 5.50 minutes
(4/7) Write augmented cascade graphs, 22800/31069, eta: 5.44 minutes
(4/7) Write augmented cascade graphs, 22900/31069, eta: 5.37 minutes
(4/7) Write augmented cascade graphs, 23000/31069, eta: 5.30 minutes
(4/7) Write augmented cascade graphs, 23100/31069, eta: 5.24 minutes
(4/7) Write augmented cascade graphs, 23200/31069, eta: 5.17 minutes
(4/7) Write augmented cascade graphs, 23300/31069, eta: 5.10 minutes
(4/7) Write augmented cascade graphs, 23400/31069, eta: 5.04 minutes
(4/7) Write augmented cascade graphs, 23500/31069, eta: 4.97 minutes
(4/7) Write augmented cascade graphs, 23600/31069, eta: 4.90 minutes
(4/7) Write augmented cascade graphs, 23700/31069, eta: 4.84 minutes
(4/7) Write augmented cascade graphs, 23800/31069, eta: 4.77 minutes
(4/7) Write augmented cascade graphs, 23900/31069, eta: 4.70 minutes
(4/7) Write augmented cascade graphs, 24000/31069, eta: 4.64 minutes
(4/7) Write augmented cascade graphs, 24100/31069, eta: 4.57 minutes
(4/7) Write augmented cascade graphs, 24200/31069, eta: 4.51 minutes
(4/7) Write augmented cascade graphs, 24300/31069, eta: 4.44 minutes
(4/7) Write augmented cascade graphs, 24400/31069, eta: 4.37 minutes
(4/7) Write augmented cascade graphs, 24500/31069, eta: 4.31 minutes
(4/7) Write augmented cascade graphs, 24600/31069, eta: 4.24 minutes
(4/7) Write augmented cascade graphs, 24700/31069, eta: 4.17 minutes
(4/7) Write augmented cascade graphs, 24800/31069, eta: 4.11 minutes
(4/7) Write augmented cascade graphs, 24900/31069, eta: 4.04 minutes
(4/7) Write augmented cascade graphs, 25000/31069, eta: 3.98 minutes
(4/7) Write augmented cascade graphs, 25100/31069, eta: 3.91 minutes
(4/7) Write augmented cascade graphs, 25200/31069, eta: 3.84 minutes
(4/7) Write augmented cascade graphs, 25300/31069, eta: 3.78 minutes
(4/7) Write augmented cascade graphs, 25400/31069, eta: 3.71 minutes
(4/7) Write augmented cascade graphs, 25500/31069, eta: 3.65 minutes
(4/7) Write augmented cascade graphs, 25600/31069, eta: 3.58 minutes
(4/7) Write augmented cascade graphs, 25700/31069, eta: 3.51 minutes
(4/7) Write augmented cascade graphs, 25800/31069, eta: 3.45 minutes
(4/7) Write augmented cascade graphs, 25900/31069, eta: 3.38 minutes
(4/7) Write augmented cascade graphs, 26000/31069, eta: 3.32 minutes
(4/7) Write augmented cascade graphs, 26100/31069, eta: 3.25 minutes
(4/7) Write augmented cascade graphs, 26200/31069, eta: 3.18 minutes
(4/7) Write augmented cascade graphs, 26300/31069, eta: 3.12 minutes
(4/7) Write augmented cascade graphs, 26400/31069, eta: 3.05 minutes
(4/7) Write augmented cascade graphs, 26500/31069, eta: 2.99 minutes
(4/7) Write augmented cascade graphs, 26600/31069, eta: 2.92 minutes
(4/7) Write augmented cascade graphs, 26700/31069, eta: 2.86 minutes
(4/7) Write augmented cascade graphs, 26800/31069, eta: 2.79 minutes
(4/7) Write augmented cascade graphs, 26900/31069, eta: 2.72 minutes
(4/7) Write augmented cascade graphs, 27000/31069, eta: 2.66 minutes
(4/7) Write augmented cascade graphs, 27100/31069, eta: 2.59 minutes
(4/7) Write augmented cascade graphs, 27200/31069, eta: 2.53 minutes
(4/7) Write augmented cascade graphs, 27300/31069, eta: 2.46 minutes
(4/7) Write augmented cascade graphs, 27400/31069, eta: 2.40 minutes
(4/7) Write augmented cascade graphs, 27500/31069, eta: 2.33 minutes
(4/7) Write augmented cascade graphs, 27600/31069, eta: 2.26 minutes
(4/7) Write augmented cascade graphs, 27700/31069, eta: 2.20 minutes
(4/7) Write augmented cascade graphs, 27800/31069, eta: 2.13 minutes
(4/7) Write augmented cascade graphs, 27900/31069, eta: 2.07 minutes
(4/7) Write augmented cascade graphs, 28000/31069, eta: 2.00 minutes
(4/7) Write augmented cascade graphs, 28100/31069, eta: 1.94 minutes
(4/7) Write augmented cascade graphs, 28200/31069, eta: 1.87 minutes
(4/7) Write augmented cascade graphs, 28300/31069, eta: 1.81 minutes
(4/7) Write augmented cascade graphs, 28400/31069, eta: 1.74 minutes
(4/7) Write augmented cascade graphs, 28500/31069, eta: 1.68 minutes
(4/7) Write augmented cascade graphs, 28600/31069, eta: 1.61 minutes
(4/7) Write augmented cascade graphs, 28700/31069, eta: 1.55 minutes
(4/7) Write augmented cascade graphs, 28800/31069, eta: 1.48 minutes
(4/7) Write augmented cascade graphs, 28900/31069, eta: 1.41 minutes
(4/7) Write augmented cascade graphs, 29000/31069, eta: 1.35 minutes
(4/7) Write augmented cascade graphs, 29100/31069, eta: 1.28 minutes
(4/7) Write augmented cascade graphs, 29200/31069, eta: 1.22 minutes
(4/7) Write augmented cascade graphs, 29300/31069, eta: 1.15 minutes
(4/7) Write augmented cascade graphs, 29400/31069, eta: 1.09 minutes
(4/7) Write augmented cascade graphs, 29500/31069, eta: 1.02 minutes
(4/7) Write augmented cascade graphs, 29600/31069, eta: 0.96 minutes
(4/7) Write augmented cascade graphs, 29700/31069, eta: 0.89 minutes
(4/7) Write augmented cascade graphs, 29800/31069, eta: 0.83 minutes
(4/7) Write augmented cascade graphs, 29900/31069, eta: 0.76 minutes
(4/7) Write augmented cascade graphs, 30000/31069, eta: 0.70 minutes
(4/7) Write augmented cascade graphs, 30100/31069, eta: 0.63 minutes
(4/7) Write augmented cascade graphs, 30200/31069, eta: 0.57 minutes
(4/7) Write augmented cascade graphs, 30300/31069, eta: 0.50 minutes
(4/7) Write augmented cascade graphs, 30400/31069, eta: 0.44 minutes
(4/7) Write augmented cascade graphs, 30500/31069, eta: 0.37 minutes
(4/7) Write augmented cascade graphs, 30600/31069, eta: 0.31 minutes
(4/7) Write augmented cascade graphs, 30700/31069, eta: 0.24 minutes
(4/7) Write augmented cascade graphs, 30800/31069, eta: 0.18 minutes
(4/7) Write augmented cascade graphs, 30900/31069, eta: 0.11 minutes
(4/7) Write augmented cascade graphs, 31000/31069, eta: 0.04 minutes
Start writing aug set 2 into file.
(5/7) Write augmented cascade graphs, 100/31069, eta: 19.97 minutes
(5/7) Write augmented cascade graphs, 200/31069, eta: 19.85 minutes
(5/7) Write augmented cascade graphs, 300/31069, eta: 19.72 minutes
(5/7) Write augmented cascade graphs, 400/31069, eta: 19.50 minutes
(5/7) Write augmented cascade graphs, 500/31069, eta: 19.41 minutes
(5/7) Write augmented cascade graphs, 600/31069, eta: 19.27 minutes
(5/7) Write augmented cascade graphs, 700/31069, eta: 19.22 minutes
(5/7) Write augmented cascade graphs, 800/31069, eta: 19.16 minutes
(5/7) Write augmented cascade graphs, 900/31069, eta: 19.08 minutes
(5/7) Write augmented cascade graphs, 1000/31069, eta: 19.02 minutes
(5/7) Write augmented cascade graphs, 1100/31069, eta: 18.95 minutes
(5/7) Write augmented cascade graphs, 1200/31069, eta: 18.92 minutes
(5/7) Write augmented cascade graphs, 1300/31069, eta: 18.84 minutes
(5/7) Write augmented cascade graphs, 1400/31069, eta: 18.77 minutes
(5/7) Write augmented cascade graphs, 1500/31069, eta: 18.76 minutes
(5/7) Write augmented cascade graphs, 1600/31069, eta: 18.71 minutes
(5/7) Write augmented cascade graphs, 1700/31069, eta: 18.64 minutes
(5/7) Write augmented cascade graphs, 1800/31069, eta: 18.57 minutes
(5/7) Write augmented cascade graphs, 1900/31069, eta: 18.50 minutes
(5/7) Write augmented cascade graphs, 2000/31069, eta: 18.43 minutes
(5/7) Write augmented cascade graphs, 2100/31069, eta: 18.36 minutes
(5/7) Write augmented cascade graphs, 2200/31069, eta: 18.30 minutes
(5/7) Write augmented cascade graphs, 2300/31069, eta: 18.24 minutes
(5/7) Write augmented cascade graphs, 2400/31069, eta: 18.17 minutes
(5/7) Write augmented cascade graphs, 2500/31069, eta: 18.10 minutes
(5/7) Write augmented cascade graphs, 2600/31069, eta: 18.03 minutes
(5/7) Write augmented cascade graphs, 2700/31069, eta: 17.96 minutes
(5/7) Write augmented cascade graphs, 2800/31069, eta: 17.89 minutes
(5/7) Write augmented cascade graphs, 2900/31069, eta: 17.82 minutes
(5/7) Write augmented cascade graphs, 3000/31069, eta: 17.75 minutes
(5/7) Write augmented cascade graphs, 3100/31069, eta: 17.69 minutes
(5/7) Write augmented cascade graphs, 3200/31069, eta: 17.63 minutes
(5/7) Write augmented cascade graphs, 3300/31069, eta: 17.57 minutes
(5/7) Write augmented cascade graphs, 3400/31069, eta: 17.51 minutes
(5/7) Write augmented cascade graphs, 3500/31069, eta: 17.45 minutes
(5/7) Write augmented cascade graphs, 3600/31069, eta: 17.39 minutes
(5/7) Write augmented cascade graphs, 3700/31069, eta: 17.32 minutes
(5/7) Write augmented cascade graphs, 3800/31069, eta: 17.28 minutes
(5/7) Write augmented cascade graphs, 3900/31069, eta: 17.23 minutes
(5/7) Write augmented cascade graphs, 4000/31069, eta: 17.17 minutes
(5/7) Write augmented cascade graphs, 4100/31069, eta: 17.11 minutes
(5/7) Write augmented cascade graphs, 4200/31069, eta: 17.05 minutes
(5/7) Write augmented cascade graphs, 4300/31069, eta: 16.98 minutes
(5/7) Write augmented cascade graphs, 4400/31069, eta: 16.90 minutes
(5/7) Write augmented cascade graphs, 4500/31069, eta: 16.85 minutes
(5/7) Write augmented cascade graphs, 4600/31069, eta: 16.78 minutes
(5/7) Write augmented cascade graphs, 4700/31069, eta: 16.72 minutes
(5/7) Write augmented cascade graphs, 4800/31069, eta: 16.67 minutes
(5/7) Write augmented cascade graphs, 4900/31069, eta: 16.60 minutes
(5/7) Write augmented cascade graphs, 5000/31069, eta: 16.54 minutes
(5/7) Write augmented cascade graphs, 5100/31069, eta: 16.48 minutes
(5/7) Write augmented cascade graphs, 5200/31069, eta: 16.41 minutes
(5/7) Write augmented cascade graphs, 5300/31069, eta: 16.35 minutes
(5/7) Write augmented cascade graphs, 5400/31069, eta: 16.28 minutes
(5/7) Write augmented cascade graphs, 5500/31069, eta: 16.22 minutes
(5/7) Write augmented cascade graphs, 5600/31069, eta: 16.15 minutes
(5/7) Write augmented cascade graphs, 5700/31069, eta: 16.08 minutes
(5/7) Write augmented cascade graphs, 5800/31069, eta: 16.02 minutes
(5/7) Write augmented cascade graphs, 5900/31069, eta: 15.95 minutes
(5/7) Write augmented cascade graphs, 6000/31069, eta: 15.89 minutes
(5/7) Write augmented cascade graphs, 6100/31069, eta: 15.82 minutes
(5/7) Write augmented cascade graphs, 6200/31069, eta: 15.76 minutes
(5/7) Write augmented cascade graphs, 6300/31069, eta: 15.69 minutes
(5/7) Write augmented cascade graphs, 6400/31069, eta: 15.63 minutes
(5/7) Write augmented cascade graphs, 6500/31069, eta: 15.57 minutes
(5/7) Write augmented cascade graphs, 6600/31069, eta: 15.51 minutes
(5/7) Write augmented cascade graphs, 6700/31069, eta: 15.45 minutes
(5/7) Write augmented cascade graphs, 6800/31069, eta: 15.38 minutes
(5/7) Write augmented cascade graphs, 6900/31069, eta: 15.32 minutes
(5/7) Write augmented cascade graphs, 7000/31069, eta: 15.26 minutes
(5/7) Write augmented cascade graphs, 7100/31069, eta: 15.20 minutes
(5/7) Write augmented cascade graphs, 7200/31069, eta: 15.14 minutes
(5/7) Write augmented cascade graphs, 7300/31069, eta: 15.07 minutes
(5/7) Write augmented cascade graphs, 7400/31069, eta: 15.01 minutes
(5/7) Write augmented cascade graphs, 7500/31069, eta: 14.95 minutes
(5/7) Write augmented cascade graphs, 7600/31069, eta: 14.89 minutes
(5/7) Write augmented cascade graphs, 7700/31069, eta: 14.83 minutes
(5/7) Write augmented cascade graphs, 7800/31069, eta: 14.76 minutes
(5/7) Write augmented cascade graphs, 7900/31069, eta: 14.70 minutes
(5/7) Write augmented cascade graphs, 8000/31069, eta: 14.64 minutes
(5/7) Write augmented cascade graphs, 8100/31069, eta: 14.58 minutes
(5/7) Write augmented cascade graphs, 8200/31069, eta: 14.52 minutes
(5/7) Write augmented cascade graphs, 8300/31069, eta: 14.46 minutes
(5/7) Write augmented cascade graphs, 8400/31069, eta: 14.40 minutes
(5/7) Write augmented cascade graphs, 8500/31069, eta: 14.34 minutes
(5/7) Write augmented cascade graphs, 8600/31069, eta: 14.28 minutes
(5/7) Write augmented cascade graphs, 8700/31069, eta: 14.21 minutes
(5/7) Write augmented cascade graphs, 8800/31069, eta: 14.15 minutes
(5/7) Write augmented cascade graphs, 8900/31069, eta: 14.09 minutes
(5/7) Write augmented cascade graphs, 9000/31069, eta: 14.02 minutes
(5/7) Write augmented cascade graphs, 9100/31069, eta: 13.96 minutes
(5/7) Write augmented cascade graphs, 9200/31069, eta: 13.90 minutes
(5/7) Write augmented cascade graphs, 9300/31069, eta: 13.83 minutes
(5/7) Write augmented cascade graphs, 9400/31069, eta: 13.77 minutes
(5/7) Write augmented cascade graphs, 9500/31069, eta: 13.70 minutes
(5/7) Write augmented cascade graphs, 9600/31069, eta: 13.64 minutes
(5/7) Write augmented cascade graphs, 9700/31069, eta: 13.58 minutes
(5/7) Write augmented cascade graphs, 9800/31069, eta: 13.52 minutes
(5/7) Write augmented cascade graphs, 9900/31069, eta: 13.45 minutes
(5/7) Write augmented cascade graphs, 10000/31069, eta: 13.39 minutes
(5/7) Write augmented cascade graphs, 10100/31069, eta: 13.32 minutes
(5/7) Write augmented cascade graphs, 10200/31069, eta: 13.26 minutes
(5/7) Write augmented cascade graphs, 10300/31069, eta: 13.20 minutes
(5/7) Write augmented cascade graphs, 10400/31069, eta: 13.13 minutes
(5/7) Write augmented cascade graphs, 10500/31069, eta: 13.07 minutes
(5/7) Write augmented cascade graphs, 10600/31069, eta: 13.01 minutes
(5/7) Write augmented cascade graphs, 10700/31069, eta: 12.95 minutes
(5/7) Write augmented cascade graphs, 10800/31069, eta: 12.88 minutes
(5/7) Write augmented cascade graphs, 10900/31069, eta: 12.82 minutes
(5/7) Write augmented cascade graphs, 11000/31069, eta: 12.75 minutes
(5/7) Write augmented cascade graphs, 11100/31069, eta: 12.69 minutes
(5/7) Write augmented cascade graphs, 11200/31069, eta: 12.63 minutes
(5/7) Write augmented cascade graphs, 11300/31069, eta: 12.57 minutes
(5/7) Write augmented cascade graphs, 11400/31069, eta: 12.51 minutes
(5/7) Write augmented cascade graphs, 11500/31069, eta: 12.45 minutes
(5/7) Write augmented cascade graphs, 11600/31069, eta: 12.39 minutes
(5/7) Write augmented cascade graphs, 11700/31069, eta: 12.32 minutes
(5/7) Write augmented cascade graphs, 11800/31069, eta: 12.26 minutes
(5/7) Write augmented cascade graphs, 11900/31069, eta: 12.19 minutes
(5/7) Write augmented cascade graphs, 12000/31069, eta: 12.13 minutes
(5/7) Write augmented cascade graphs, 12100/31069, eta: 12.06 minutes
(5/7) Write augmented cascade graphs, 12200/31069, eta: 12.00 minutes
(5/7) Write augmented cascade graphs, 12300/31069, eta: 11.94 minutes
(5/7) Write augmented cascade graphs, 12400/31069, eta: 11.87 minutes
(5/7) Write augmented cascade graphs, 12500/31069, eta: 11.81 minutes
(5/7) Write augmented cascade graphs, 12600/31069, eta: 11.75 minutes
(5/7) Write augmented cascade graphs, 12700/31069, eta: 11.68 minutes
(5/7) Write augmented cascade graphs, 12800/31069, eta: 11.62 minutes
(5/7) Write augmented cascade graphs, 12900/31069, eta: 11.55 minutes
(5/7) Write augmented cascade graphs, 13000/31069, eta: 11.49 minutes
(5/7) Write augmented cascade graphs, 13100/31069, eta: 11.43 minutes
(5/7) Write augmented cascade graphs, 13200/31069, eta: 11.36 minutes
(5/7) Write augmented cascade graphs, 13300/31069, eta: 11.30 minutes
(5/7) Write augmented cascade graphs, 13400/31069, eta: 11.23 minutes
(5/7) Write augmented cascade graphs, 13500/31069, eta: 11.17 minutes
(5/7) Write augmented cascade graphs, 13600/31069, eta: 11.11 minutes
(5/7) Write augmented cascade graphs, 13700/31069, eta: 11.04 minutes
(5/7) Write augmented cascade graphs, 13800/31069, eta: 10.98 minutes
(5/7) Write augmented cascade graphs, 13900/31069, eta: 10.91 minutes
(5/7) Write augmented cascade graphs, 14000/31069, eta: 10.85 minutes
(5/7) Write augmented cascade graphs, 14100/31069, eta: 10.78 minutes
(5/7) Write augmented cascade graphs, 14200/31069, eta: 10.72 minutes
(5/7) Write augmented cascade graphs, 14300/31069, eta: 10.65 minutes
(5/7) Write augmented cascade graphs, 14400/31069, eta: 10.59 minutes
(5/7) Write augmented cascade graphs, 14500/31069, eta: 10.53 minutes
(5/7) Write augmented cascade graphs, 14600/31069, eta: 10.46 minutes
(5/7) Write augmented cascade graphs, 14700/31069, eta: 10.40 minutes
(5/7) Write augmented cascade graphs, 14800/31069, eta: 10.33 minutes
(5/7) Write augmented cascade graphs, 14900/31069, eta: 10.27 minutes
(5/7) Write augmented cascade graphs, 15000/31069, eta: 10.21 minutes
(5/7) Write augmented cascade graphs, 15100/31069, eta: 10.14 minutes
(5/7) Write augmented cascade graphs, 15200/31069, eta: 10.08 minutes
(5/7) Write augmented cascade graphs, 15300/31069, eta: 10.02 minutes
(5/7) Write augmented cascade graphs, 15400/31069, eta: 9.95 minutes
(5/7) Write augmented cascade graphs, 15500/31069, eta: 9.89 minutes
(5/7) Write augmented cascade graphs, 15600/31069, eta: 9.83 minutes
(5/7) Write augmented cascade graphs, 15700/31069, eta: 9.76 minutes
(5/7) Write augmented cascade graphs, 15800/31069, eta: 9.70 minutes
(5/7) Write augmented cascade graphs, 15900/31069, eta: 9.64 minutes
(5/7) Write augmented cascade graphs, 16000/31069, eta: 9.57 minutes
(5/7) Write augmented cascade graphs, 16100/31069, eta: 9.51 minutes
(5/7) Write augmented cascade graphs, 16200/31069, eta: 9.45 minutes
(5/7) Write augmented cascade graphs, 16300/31069, eta: 9.38 minutes
(5/7) Write augmented cascade graphs, 16400/31069, eta: 9.32 minutes
(5/7) Write augmented cascade graphs, 16500/31069, eta: 9.26 minutes
(5/7) Write augmented cascade graphs, 16600/31069, eta: 9.19 minutes
(5/7) Write augmented cascade graphs, 16700/31069, eta: 9.13 minutes
(5/7) Write augmented cascade graphs, 16800/31069, eta: 9.07 minutes
(5/7) Write augmented cascade graphs, 16900/31069, eta: 9.00 minutes
(5/7) Write augmented cascade graphs, 17000/31069, eta: 8.94 minutes
(5/7) Write augmented cascade graphs, 17100/31069, eta: 8.88 minutes
(5/7) Write augmented cascade graphs, 17200/31069, eta: 8.81 minutes
(5/7) Write augmented cascade graphs, 17300/31069, eta: 8.75 minutes
(5/7) Write augmented cascade graphs, 17400/31069, eta: 8.69 minutes
(5/7) Write augmented cascade graphs, 17500/31069, eta: 8.62 minutes
(5/7) Write augmented cascade graphs, 17600/31069, eta: 8.56 minutes
(5/7) Write augmented cascade graphs, 17700/31069, eta: 8.50 minutes
(5/7) Write augmented cascade graphs, 17800/31069, eta: 8.43 minutes
(5/7) Write augmented cascade graphs, 17900/31069, eta: 8.37 minutes
(5/7) Write augmented cascade graphs, 18000/31069, eta: 8.31 minutes
(5/7) Write augmented cascade graphs, 18100/31069, eta: 8.24 minutes
(5/7) Write augmented cascade graphs, 18200/31069, eta: 8.18 minutes
(5/7) Write augmented cascade graphs, 18300/31069, eta: 8.11 minutes
(5/7) Write augmented cascade graphs, 18400/31069, eta: 8.05 minutes
(5/7) Write augmented cascade graphs, 18500/31069, eta: 7.99 minutes
(5/7) Write augmented cascade graphs, 18600/31069, eta: 7.92 minutes
(5/7) Write augmented cascade graphs, 18700/31069, eta: 7.86 minutes
(5/7) Write augmented cascade graphs, 18800/31069, eta: 7.80 minutes
(5/7) Write augmented cascade graphs, 18900/31069, eta: 7.74 minutes
(5/7) Write augmented cascade graphs, 19000/31069, eta: 7.67 minutes
(5/7) Write augmented cascade graphs, 19100/31069, eta: 7.61 minutes
(5/7) Write augmented cascade graphs, 19200/31069, eta: 7.55 minutes
(5/7) Write augmented cascade graphs, 19300/31069, eta: 7.48 minutes
(5/7) Write augmented cascade graphs, 19400/31069, eta: 7.42 minutes
(5/7) Write augmented cascade graphs, 19500/31069, eta: 7.36 minutes
(5/7) Write augmented cascade graphs, 19600/31069, eta: 7.29 minutes
(5/7) Write augmented cascade graphs, 19700/31069, eta: 7.23 minutes
(5/7) Write augmented cascade graphs, 19800/31069, eta: 7.16 minutes
(5/7) Write augmented cascade graphs, 19900/31069, eta: 7.10 minutes
(5/7) Write augmented cascade graphs, 20000/31069, eta: 7.04 minutes
(5/7) Write augmented cascade graphs, 20100/31069, eta: 6.98 minutes
(5/7) Write augmented cascade graphs, 20200/31069, eta: 6.92 minutes
(5/7) Write augmented cascade graphs, 20300/31069, eta: 6.85 minutes
(5/7) Write augmented cascade graphs, 20400/31069, eta: 6.79 minutes
(5/7) Write augmented cascade graphs, 20500/31069, eta: 6.73 minutes
(5/7) Write augmented cascade graphs, 20600/31069, eta: 6.66 minutes
(5/7) Write augmented cascade graphs, 20700/31069, eta: 6.60 minutes
(5/7) Write augmented cascade graphs, 20800/31069, eta: 6.54 minutes
(5/7) Write augmented cascade graphs, 20900/31069, eta: 6.47 minutes
(5/7) Write augmented cascade graphs, 21000/31069, eta: 6.41 minutes
(5/7) Write augmented cascade graphs, 21100/31069, eta: 6.34 minutes
(5/7) Write augmented cascade graphs, 21200/31069, eta: 6.28 minutes
(5/7) Write augmented cascade graphs, 21300/31069, eta: 6.22 minutes
(5/7) Write augmented cascade graphs, 21400/31069, eta: 6.15 minutes
(5/7) Write augmented cascade graphs, 21500/31069, eta: 6.09 minutes
(5/7) Write augmented cascade graphs, 21600/31069, eta: 6.03 minutes
(5/7) Write augmented cascade graphs, 21700/31069, eta: 5.96 minutes
(5/7) Write augmented cascade graphs, 21800/31069, eta: 5.90 minutes
(5/7) Write augmented cascade graphs, 21900/31069, eta: 5.84 minutes
(5/7) Write augmented cascade graphs, 22000/31069, eta: 5.77 minutes
(5/7) Write augmented cascade graphs, 22100/31069, eta: 5.71 minutes
(5/7) Write augmented cascade graphs, 22200/31069, eta: 5.65 minutes
(5/7) Write augmented cascade graphs, 22300/31069, eta: 5.58 minutes
(5/7) Write augmented cascade graphs, 22400/31069, eta: 5.52 minutes
(5/7) Write augmented cascade graphs, 22500/31069, eta: 5.46 minutes
(5/7) Write augmented cascade graphs, 22600/31069, eta: 5.39 minutes
(5/7) Write augmented cascade graphs, 22700/31069, eta: 5.33 minutes
(5/7) Write augmented cascade graphs, 22800/31069, eta: 5.26 minutes
(5/7) Write augmented cascade graphs, 22900/31069, eta: 5.20 minutes
(5/7) Write augmented cascade graphs, 23000/31069, eta: 5.14 minutes
(5/7) Write augmented cascade graphs, 23100/31069, eta: 5.07 minutes
(5/7) Write augmented cascade graphs, 23200/31069, eta: 5.01 minutes
(5/7) Write augmented cascade graphs, 23300/31069, eta: 4.94 minutes
(5/7) Write augmented cascade graphs, 23400/31069, eta: 4.88 minutes
(5/7) Write augmented cascade graphs, 23500/31069, eta: 4.81 minutes
(5/7) Write augmented cascade graphs, 23600/31069, eta: 4.75 minutes
(5/7) Write augmented cascade graphs, 23700/31069, eta: 4.69 minutes
(5/7) Write augmented cascade graphs, 23800/31069, eta: 4.62 minutes
(5/7) Write augmented cascade graphs, 23900/31069, eta: 4.56 minutes
(5/7) Write augmented cascade graphs, 24000/31069, eta: 4.50 minutes
(5/7) Write augmented cascade graphs, 24100/31069, eta: 4.43 minutes
(5/7) Write augmented cascade graphs, 24200/31069, eta: 4.37 minutes
(5/7) Write augmented cascade graphs, 24300/31069, eta: 4.30 minutes
(5/7) Write augmented cascade graphs, 24400/31069, eta: 4.24 minutes
(5/7) Write augmented cascade graphs, 24500/31069, eta: 4.18 minutes
(5/7) Write augmented cascade graphs, 24600/31069, eta: 4.11 minutes
(5/7) Write augmented cascade graphs, 24700/31069, eta: 4.05 minutes
(5/7) Write augmented cascade graphs, 24800/31069, eta: 3.99 minutes
(5/7) Write augmented cascade graphs, 24900/31069, eta: 3.92 minutes
(5/7) Write augmented cascade graphs, 25000/31069, eta: 3.86 minutes
(5/7) Write augmented cascade graphs, 25100/31069, eta: 3.79 minutes
(5/7) Write augmented cascade graphs, 25200/31069, eta: 3.73 minutes
(5/7) Write augmented cascade graphs, 25300/31069, eta: 3.67 minutes
(5/7) Write augmented cascade graphs, 25400/31069, eta: 3.60 minutes
(5/7) Write augmented cascade graphs, 25500/31069, eta: 3.54 minutes
(5/7) Write augmented cascade graphs, 25600/31069, eta: 3.48 minutes
(5/7) Write augmented cascade graphs, 25700/31069, eta: 3.41 minutes
(5/7) Write augmented cascade graphs, 25800/31069, eta: 3.35 minutes
(5/7) Write augmented cascade graphs, 25900/31069, eta: 3.29 minutes
(5/7) Write augmented cascade graphs, 26000/31069, eta: 3.23 minutes
(5/7) Write augmented cascade graphs, 26100/31069, eta: 3.16 minutes
(5/7) Write augmented cascade graphs, 26200/31069, eta: 3.10 minutes
(5/7) Write augmented cascade graphs, 26300/31069, eta: 3.04 minutes
(5/7) Write augmented cascade graphs, 26400/31069, eta: 2.98 minutes
(5/7) Write augmented cascade graphs, 26500/31069, eta: 2.91 minutes
(5/7) Write augmented cascade graphs, 26600/31069, eta: 2.85 minutes
(5/7) Write augmented cascade graphs, 26700/31069, eta: 2.79 minutes
(5/7) Write augmented cascade graphs, 26800/31069, eta: 2.72 minutes
(5/7) Write augmented cascade graphs, 26900/31069, eta: 2.66 minutes
(5/7) Write augmented cascade graphs, 27000/31069, eta: 2.60 minutes
(5/7) Write augmented cascade graphs, 27100/31069, eta: 2.54 minutes
(5/7) Write augmented cascade graphs, 27200/31069, eta: 2.47 minutes
(5/7) Write augmented cascade graphs, 27300/31069, eta: 2.41 minutes
(5/7) Write augmented cascade graphs, 27400/31069, eta: 2.35 minutes
(5/7) Write augmented cascade graphs, 27500/31069, eta: 2.28 minutes
(5/7) Write augmented cascade graphs, 27600/31069, eta: 2.22 minutes
(5/7) Write augmented cascade graphs, 27700/31069, eta: 2.15 minutes
(5/7) Write augmented cascade graphs, 27800/31069, eta: 2.09 minutes
(5/7) Write augmented cascade graphs, 27900/31069, eta: 2.03 minutes
(5/7) Write augmented cascade graphs, 28000/31069, eta: 1.96 minutes
(5/7) Write augmented cascade graphs, 28100/31069, eta: 1.90 minutes
(5/7) Write augmented cascade graphs, 28200/31069, eta: 1.83 minutes
(5/7) Write augmented cascade graphs, 28300/31069, eta: 1.77 minutes
(5/7) Write augmented cascade graphs, 28400/31069, eta: 1.71 minutes
(5/7) Write augmented cascade graphs, 28500/31069, eta: 1.64 minutes
(5/7) Write augmented cascade graphs, 28600/31069, eta: 1.58 minutes
(5/7) Write augmented cascade graphs, 28700/31069, eta: 1.51 minutes
(5/7) Write augmented cascade graphs, 28800/31069, eta: 1.45 minutes
(5/7) Write augmented cascade graphs, 28900/31069, eta: 1.39 minutes
(5/7) Write augmented cascade graphs, 29000/31069, eta: 1.32 minutes
(5/7) Write augmented cascade graphs, 29100/31069, eta: 1.26 minutes
(5/7) Write augmented cascade graphs, 29200/31069, eta: 1.19 minutes
(5/7) Write augmented cascade graphs, 29300/31069, eta: 1.13 minutes
(5/7) Write augmented cascade graphs, 29400/31069, eta: 1.07 minutes
(5/7) Write augmented cascade graphs, 29500/31069, eta: 1.00 minutes
(5/7) Write augmented cascade graphs, 29600/31069, eta: 0.94 minutes
(5/7) Write augmented cascade graphs, 29700/31069, eta: 0.87 minutes
(5/7) Write augmented cascade graphs, 29800/31069, eta: 0.81 minutes
(5/7) Write augmented cascade graphs, 29900/31069, eta: 0.75 minutes
(5/7) Write augmented cascade graphs, 30000/31069, eta: 0.68 minutes
(5/7) Write augmented cascade graphs, 30100/31069, eta: 0.62 minutes
(5/7) Write augmented cascade graphs, 30200/31069, eta: 0.55 minutes
(5/7) Write augmented cascade graphs, 30300/31069, eta: 0.49 minutes
(5/7) Write augmented cascade graphs, 30400/31069, eta: 0.43 minutes
(5/7) Write augmented cascade graphs, 30500/31069, eta: 0.36 minutes
(5/7) Write augmented cascade graphs, 30600/31069, eta: 0.30 minutes
(5/7) Write augmented cascade graphs, 30700/31069, eta: 0.24 minutes
(5/7) Write augmented cascade graphs, 30800/31069, eta: 0.17 minutes
(5/7) Write augmented cascade graphs, 30900/31069, eta: 0.11 minutes
(5/7) Write augmented cascade graphs, 31000/31069, eta: 0.04 minutes
Processing time: 4264.86s
