nohup: 忽略输入
Start writing train set into file.
(1/7) Write train set, 100/2344, eta: 1.40 minutes
(1/7) Write train set, 200/2344, eta: 1.32 minutes
(1/7) Write train set, 300/2344, eta: 1.26 minutes
(1/7) Write train set, 400/2344, eta: 1.20 minutes
(1/7) Write train set, 500/2344, eta: 1.13 minutes
(1/7) Write train set, 600/2344, eta: 1.07 minutes
(1/7) Write train set, 700/2344, eta: 1.01 minutes
(1/7) Write train set, 800/2344, eta: 0.95 minutes
(1/7) Write train set, 900/2344, eta: 0.89 minutes
(1/7) Write train set, 1000/2344, eta: 0.82 minutes
(1/7) Write train set, 1100/2344, eta: 0.76 minutes
(1/7) Write train set, 1200/2344, eta: 0.70 minutes
(1/7) Write train set, 1300/2344, eta: 0.64 minutes
(1/7) Write train set, 1400/2344, eta: 0.58 minutes
(1/7) Write train set, 1500/2344, eta: 0.52 minutes
(1/7) Write train set, 1600/2344, eta: 0.46 minutes
(1/7) Write train set, 1700/2344, eta: 0.39 minutes
(1/7) Write train set, 1800/2344, eta: 0.33 minutes
(1/7) Write train set, 1900/2344, eta: 0.27 minutes
(1/7) Write train set, 2000/2344, eta: 0.21 minutes
(1/7) Write train set, 2100/2344, eta: 0.15 minutes
(1/7) Write train set, 2200/2344, eta: 0.09 minutes
(1/7) Write train set, 2300/2344, eta: 0.03 minutes
Start writing validation set into file.
(2/7) Write val set, 100/502, eta: 0.24 minutes
(2/7) Write val set, 200/502, eta: 0.18 minutes
(2/7) Write val set, 300/502, eta: 0.12 minutes
(2/7) Write val set, 400/502, eta: 0.06 minutes
(2/7) Write val set, 500/502, eta: 0.00 minutes
Start writing test set into file.
(3/7) Write test set, 100/502, eta: 0.24 minutes
(3/7) Write test set, 200/502, eta: 0.18 minutes
(3/7) Write test set, 300/502, eta: 0.12 minutes
(3/7) Write test set, 400/502, eta: 0.06 minutes
(3/7) Write test set, 500/502, eta: 0.00 minutes
Start writing aug set 1 into file.
(4/7) Write augmented cascade graphs, 100/7032, eta: 4.25 minutes
(4/7) Write augmented cascade graphs, 200/7032, eta: 4.19 minutes
(4/7) Write augmented cascade graphs, 300/7032, eta: 4.12 minutes
(4/7) Write augmented cascade graphs, 400/7032, eta: 4.07 minutes
(4/7) Write augmented cascade graphs, 500/7032, eta: 4.00 minutes
(4/7) Write augmented cascade graphs, 600/7032, eta: 3.94 minutes
(4/7) Write augmented cascade graphs, 700/7032, eta: 3.88 minutes
(4/7) Write augmented cascade graphs, 800/7032, eta: 3.82 minutes
(4/7) Write augmented cascade graphs, 900/7032, eta: 3.76 minutes
(4/7) Write augmented cascade graphs, 1000/7032, eta: 3.69 minutes
(4/7) Write augmented cascade graphs, 1100/7032, eta: 3.63 minutes
(4/7) Write augmented cascade graphs, 1200/7032, eta: 3.57 minutes
(4/7) Write augmented cascade graphs, 1300/7032, eta: 3.51 minutes
(4/7) Write augmented cascade graphs, 1400/7032, eta: 3.45 minutes
(4/7) Write augmented cascade graphs, 1500/7032, eta: 3.38 minutes
(4/7) Write augmented cascade graphs, 1600/7032, eta: 3.32 minutes
(4/7) Write augmented cascade graphs, 1700/7032, eta: 3.26 minutes
(4/7) Write augmented cascade graphs, 1800/7032, eta: 3.20 minutes
(4/7) Write augmented cascade graphs, 1900/7032, eta: 3.13 minutes
(4/7) Write augmented cascade graphs, 2000/7032, eta: 3.07 minutes
(4/7) Write augmented cascade graphs, 2100/7032, eta: 3.01 minutes
(4/7) Write augmented cascade graphs, 2200/7032, eta: 2.95 minutes
(4/7) Write augmented cascade graphs, 2300/7032, eta: 2.89 minutes
(4/7) Write augmented cascade graphs, 2400/7032, eta: 2.83 minutes
(4/7) Write augmented cascade graphs, 2500/7032, eta: 2.77 minutes
(4/7) Write augmented cascade graphs, 2600/7032, eta: 2.71 minutes
(4/7) Write augmented cascade graphs, 2700/7032, eta: 2.65 minutes
(4/7) Write augmented cascade graphs, 2800/7032, eta: 2.59 minutes
(4/7) Write augmented cascade graphs, 2900/7032, eta: 2.52 minutes
(4/7) Write augmented cascade graphs, 3000/7032, eta: 2.46 minutes
(4/7) Write augmented cascade graphs, 3100/7032, eta: 2.40 minutes
(4/7) Write augmented cascade graphs, 3200/7032, eta: 2.34 minutes
(4/7) Write augmented cascade graphs, 3300/7032, eta: 2.28 minutes
(4/7) Write augmented cascade graphs, 3400/7032, eta: 2.22 minutes
(4/7) Write augmented cascade graphs, 3500/7032, eta: 2.16 minutes
(4/7) Write augmented cascade graphs, 3600/7032, eta: 2.10 minutes
(4/7) Write augmented cascade graphs, 3700/7032, eta: 2.04 minutes
(4/7) Write augmented cascade graphs, 3800/7032, eta: 1.98 minutes
(4/7) Write augmented cascade graphs, 3900/7032, eta: 1.91 minutes
(4/7) Write augmented cascade graphs, 4000/7032, eta: 1.85 minutes
(4/7) Write augmented cascade graphs, 4100/7032, eta: 1.79 minutes
(4/7) Write augmented cascade graphs, 4200/7032, eta: 1.73 minutes
(4/7) Write augmented cascade graphs, 4300/7032, eta: 1.67 minutes
(4/7) Write augmented cascade graphs, 4400/7032, eta: 1.61 minutes
(4/7) Write augmented cascade graphs, 4500/7032, eta: 1.55 minutes
(4/7) Write augmented cascade graphs, 4600/7032, eta: 1.49 minutes
(4/7) Write augmented cascade graphs, 4700/7032, eta: 1.42 minutes
(4/7) Write augmented cascade graphs, 4800/7032, eta: 1.36 minutes
(4/7) Write augmented cascade graphs, 4900/7032, eta: 1.30 minutes
(4/7) Write augmented cascade graphs, 5000/7032, eta: 1.24 minutes
(4/7) Write augmented cascade graphs, 5100/7032, eta: 1.18 minutes
(4/7) Write augmented cascade graphs, 5200/7032, eta: 1.12 minutes
(4/7) Write augmented cascade graphs, 5300/7032, eta: 1.06 minutes
(4/7) Write augmented cascade graphs, 5400/7032, eta: 1.00 minutes
(4/7) Write augmented cascade graphs, 5500/7032, eta: 0.94 minutes
(4/7) Write augmented cascade graphs, 5600/7032, eta: 0.88 minutes
(4/7) Write augmented cascade graphs, 5700/7032, eta: 0.81 minutes
(4/7) Write augmented cascade graphs, 5800/7032, eta: 0.75 minutes
(4/7) Write augmented cascade graphs, 5900/7032, eta: 0.69 minutes
(4/7) Write augmented cascade graphs, 6000/7032, eta: 0.63 minutes
(4/7) Write augmented cascade graphs, 6100/7032, eta: 0.57 minutes
(4/7) Write augmented cascade graphs, 6200/7032, eta: 0.51 minutes
(4/7) Write augmented cascade graphs, 6300/7032, eta: 0.45 minutes
(4/7) Write augmented cascade graphs, 6400/7032, eta: 0.39 minutes
(4/7) Write augmented cascade graphs, 6500/7032, eta: 0.33 minutes
(4/7) Write augmented cascade graphs, 6600/7032, eta: 0.26 minutes
(4/7) Write augmented cascade graphs, 6700/7032, eta: 0.20 minutes
(4/7) Write augmented cascade graphs, 6800/7032, eta: 0.14 minutes
(4/7) Write augmented cascade graphs, 6900/7032, eta: 0.08 minutes
(4/7) Write augmented cascade graphs, 7000/7032, eta: 0.02 minutes
Start writing aug set 2 into file.
(5/7) Write augmented cascade graphs, 100/7032, eta: 4.27 minutes
(5/7) Write augmented cascade graphs, 200/7032, eta: 4.20 minutes
(5/7) Write augmented cascade graphs, 300/7032, eta: 4.13 minutes
(5/7) Write augmented cascade graphs, 400/7032, eta: 4.07 minutes
(5/7) Write augmented cascade graphs, 500/7032, eta: 4.01 minutes
(5/7) Write augmented cascade graphs, 600/7032, eta: 3.95 minutes
(5/7) Write augmented cascade graphs, 700/7032, eta: 3.89 minutes
(5/7) Write augmented cascade graphs, 800/7032, eta: 3.83 minutes
(5/7) Write augmented cascade graphs, 900/7032, eta: 3.77 minutes
(5/7) Write augmented cascade graphs, 1000/7032, eta: 3.70 minutes
(5/7) Write augmented cascade graphs, 1100/7032, eta: 3.64 minutes
(5/7) Write augmented cascade graphs, 1200/7032, eta: 3.57 minutes
(5/7) Write augmented cascade graphs, 1300/7032, eta: 3.51 minutes
(5/7) Write augmented cascade graphs, 1400/7032, eta: 3.45 minutes
(5/7) Write augmented cascade graphs, 1500/7032, eta: 3.39 minutes
(5/7) Write augmented cascade graphs, 1600/7032, eta: 3.32 minutes
(5/7) Write augmented cascade graphs, 1700/7032, eta: 3.26 minutes
(5/7) Write augmented cascade graphs, 1800/7032, eta: 3.18 minutes
(5/7) Write augmented cascade graphs, 1900/7032, eta: 3.11 minutes
(5/7) Write augmented cascade graphs, 2000/7032, eta: 3.05 minutes
(5/7) Write augmented cascade graphs, 2100/7032, eta: 2.98 minutes
(5/7) Write augmented cascade graphs, 2200/7032, eta: 2.92 minutes
(5/7) Write augmented cascade graphs, 2300/7032, eta: 2.85 minutes
(5/7) Write augmented cascade graphs, 2400/7032, eta: 2.79 minutes
(5/7) Write augmented cascade graphs, 2500/7032, eta: 2.73 minutes
(5/7) Write augmented cascade graphs, 2600/7032, eta: 2.67 minutes
(5/7) Write augmented cascade graphs, 2700/7032, eta: 2.60 minutes
(5/7) Write augmented cascade graphs, 2800/7032, eta: 2.54 minutes
(5/7) Write augmented cascade graphs, 2900/7032, eta: 2.48 minutes
(5/7) Write augmented cascade graphs, 3000/7032, eta: 2.42 minutes
(5/7) Write augmented cascade graphs, 3100/7032, eta: 2.36 minutes
(5/7) Write augmented cascade graphs, 3200/7032, eta: 2.30 minutes
(5/7) Write augmented cascade graphs, 3300/7032, eta: 2.24 minutes
(5/7) Write augmented cascade graphs, 3400/7032, eta: 2.17 minutes
(5/7) Write augmented cascade graphs, 3500/7032, eta: 2.11 minutes
(5/7) Write augmented cascade graphs, 3600/7032, eta: 2.05 minutes
(5/7) Write augmented cascade graphs, 3700/7032, eta: 1.99 minutes
(5/7) Write augmented cascade graphs, 3800/7032, eta: 1.93 minutes
(5/7) Write augmented cascade graphs, 3900/7032, eta: 1.87 minutes
(5/7) Write augmented cascade graphs, 4000/7032, eta: 1.81 minutes
(5/7) Write augmented cascade graphs, 4100/7032, eta: 1.75 minutes
(5/7) Write augmented cascade graphs, 4200/7032, eta: 1.69 minutes
(5/7) Write augmented cascade graphs, 4300/7032, eta: 1.63 minutes
(5/7) Write augmented cascade graphs, 4400/7032, eta: 1.57 minutes
(5/7) Write augmented cascade graphs, 4500/7032, eta: 1.51 minutes
(5/7) Write augmented cascade graphs, 4600/7032, eta: 1.45 minutes
(5/7) Write augmented cascade graphs, 4700/7032, eta: 1.39 minutes
(5/7) Write augmented cascade graphs, 4800/7032, eta: 1.33 minutes
(5/7) Write augmented cascade graphs, 4900/7032, eta: 1.27 minutes
(5/7) Write augmented cascade graphs, 5000/7032, eta: 1.21 minutes
(5/7) Write augmented cascade graphs, 5100/7032, eta: 1.15 minutes
(5/7) Write augmented cascade graphs, 5200/7032, eta: 1.09 minutes
(5/7) Write augmented cascade graphs, 5300/7032, eta: 1.03 minutes
(5/7) Write augmented cascade graphs, 5400/7032, eta: 0.97 minutes
(5/7) Write augmented cascade graphs, 5500/7032, eta: 0.91 minutes
(5/7) Write augmented cascade graphs, 5600/7032, eta: 0.85 minutes
(5/7) Write augmented cascade graphs, 5700/7032, eta: 0.79 minutes
(5/7) Write augmented cascade graphs, 5800/7032, eta: 0.73 minutes
(5/7) Write augmented cascade graphs, 5900/7032, eta: 0.67 minutes
(5/7) Write augmented cascade graphs, 6000/7032, eta: 0.61 minutes
(5/7) Write augmented cascade graphs, 6100/7032, eta: 0.55 minutes
(5/7) Write augmented cascade graphs, 6200/7032, eta: 0.49 minutes
(5/7) Write augmented cascade graphs, 6300/7032, eta: 0.43 minutes
(5/7) Write augmented cascade graphs, 6400/7032, eta: 0.37 minutes
(5/7) Write augmented cascade graphs, 6500/7032, eta: 0.31 minutes
(5/7) Write augmented cascade graphs, 6600/7032, eta: 0.26 minutes
(5/7) Write augmented cascade graphs, 6700/7032, eta: 0.20 minutes
(5/7) Write augmented cascade graphs, 6800/7032, eta: 0.14 minutes
(5/7) Write augmented cascade graphs, 6900/7032, eta: 0.08 minutes
(5/7) Write augmented cascade graphs, 7000/7032, eta: 0.02 minutes
Processing time: 632.18s
