nohup: 忽略输入
cuda:1
# fine-tuning samples 2135
#  validation samples 457
#        test samples 457
dblp_ccgl: Fine-tuning Epoch   1, Time: 2.284s, Train Loss: 1.464, Val Loss: 1.108, Test Loss: 1.163, LOG2 MSLE: 3.276
Model saved!
dblp_ccgl: Fine-tuning Epoch   2, Time: 3.024s, Train Loss: 1.142, Val Loss: 1.068, Test Loss: 1.109, LOG2 MSLE: 2.928
Model saved!
dblp_ccgl: Fine-tuning Epoch   3, Time: 2.833s, Train Loss: 1.088, Val Loss: 0.977, Test Loss: 0.989, LOG2 MSLE: 2.364
Model saved!
dblp_ccgl: Fine-tuning Epoch   4, Time: 2.536s, Train Loss: 1.020, Val Loss: 0.957, Test Loss: 0.953, LOG2 MSLE: 2.351
Model saved!
dblp_ccgl: Fine-tuning Epoch   5, Time: 2.701s, Train Loss: 1.008, Val Loss: 0.935, Test Loss: 0.947, LOG2 MSLE: 2.205
Model saved!
dblp_ccgl: Fine-tuning Epoch   6, Time: 2.567s, Train Loss: 0.990, Val Loss: 0.924, Test Loss: 0.943, LOG2 MSLE: 2.182
Model saved!
dblp_ccgl: Fine-tuning Epoch   7, Time: 2.513s, Train Loss: 0.982, Val Loss: 0.920, Test Loss: 0.936, LOG2 MSLE: 2.186
Model saved!
dblp_ccgl: Fine-tuning Epoch   8, Time: 2.538s, Train Loss: 0.976, Val Loss: 0.926, Test Loss: 0.942, LOG2 MSLE: 2.216
dblp_ccgl: Fine-tuning Epoch   9, Time: 2.547s, Train Loss: 0.987, Val Loss: 0.922, Test Loss: 0.942, LOG2 MSLE: 2.203
dblp_ccgl: Fine-tuning Epoch  10, Time: 2.475s, Train Loss: 0.968, Val Loss: 0.914, Test Loss: 0.929, LOG2 MSLE: 2.153
Model saved!
dblp_ccgl: Fine-tuning Epoch  11, Time: 2.725s, Train Loss: 0.970, Val Loss: 0.931, Test Loss: 0.944, LOG2 MSLE: 2.240
dblp_ccgl: Fine-tuning Epoch  12, Time: 2.572s, Train Loss: 0.982, Val Loss: 0.928, Test Loss: 0.944, LOG2 MSLE: 2.249
dblp_ccgl: Fine-tuning Epoch  13, Time: 2.667s, Train Loss: 0.986, Val Loss: 0.926, Test Loss: 0.940, LOG2 MSLE: 2.224
dblp_ccgl: Fine-tuning Epoch  14, Time: 2.478s, Train Loss: 0.971, Val Loss: 0.914, Test Loss: 0.928, LOG2 MSLE: 2.145
dblp_ccgl: Fine-tuning Epoch  15, Time: 2.548s, Train Loss: 0.963, Val Loss: 0.918, Test Loss: 0.937, LOG2 MSLE: 2.155
dblp_ccgl: Fine-tuning Epoch  16, Time: 2.544s, Train Loss: 0.972, Val Loss: 0.925, Test Loss: 0.941, LOG2 MSLE: 2.228
dblp_ccgl: Fine-tuning Epoch  17, Time: 2.576s, Train Loss: 0.959, Val Loss: 0.922, Test Loss: 0.939, LOG2 MSLE: 2.197
dblp_ccgl: Fine-tuning Epoch  18, Time: 2.461s, Train Loss: 0.963, Val Loss: 0.923, Test Loss: 0.939, LOG2 MSLE: 2.200
dblp_ccgl: Fine-tuning Epoch  19, Time: 2.495s, Train Loss: 0.987, Val Loss: 0.967, Test Loss: 0.969, LOG2 MSLE: 2.400
dblp_ccgl: Fine-tuning Epoch  20, Time: 2.574s, Train Loss: 0.978, Val Loss: 0.919, Test Loss: 0.935, LOG2 MSLE: 2.173
dblp_ccgl: Fine-tuning Epoch  21, Time: 2.707s, Train Loss: 0.971, Val Loss: 0.963, Test Loss: 0.980, LOG2 MSLE: 2.435
dblp_ccgl: Fine-tuning Epoch  22, Time: 2.525s, Train Loss: 0.985, Val Loss: 0.965, Test Loss: 0.974, LOG2 MSLE: 2.418
dblp_ccgl: Fine-tuning Epoch  23, Time: 2.497s, Train Loss: 0.964, Val Loss: 0.933, Test Loss: 0.935, LOG2 MSLE: 2.214
dblp_ccgl: Fine-tuning Epoch  24, Time: 2.645s, Train Loss: 0.967, Val Loss: 0.919, Test Loss: 0.931, LOG2 MSLE: 2.169
dblp_ccgl: Fine-tuning Epoch  25, Time: 2.504s, Train Loss: 0.960, Val Loss: 0.928, Test Loss: 0.934, LOG2 MSLE: 2.199
dblp_ccgl: Fine-tuning Epoch  26, Time: 2.732s, Train Loss: 0.956, Val Loss: 0.920, Test Loss: 0.931, LOG2 MSLE: 2.176
dblp_ccgl: Fine-tuning Epoch  27, Time: 2.684s, Train Loss: 0.977, Val Loss: 0.935, Test Loss: 0.937, LOG2 MSLE: 2.224
dblp_ccgl: Fine-tuning Epoch  28, Time: 2.544s, Train Loss: 0.972, Val Loss: 0.919, Test Loss: 0.928, LOG2 MSLE: 2.161
dblp_ccgl: Fine-tuning Epoch  29, Time: 2.500s, Train Loss: 0.968, Val Loss: 0.927, Test Loss: 0.929, LOG2 MSLE: 2.198
dblp_ccgl: Fine-tuning Epoch  30, Time: 2.695s, Train Loss: 0.967, Val Loss: 0.922, Test Loss: 0.930, LOG2 MSLE: 2.177
Predictions saved! Best Test MSLE: 2.152668268826496
Best Test MAPE: 0.3870837234377499
Finished! Time used: 1.408min
