nohup: 忽略输入
cuda:3
# fine-tuning samples 25109
#  validation samples 5360
#        test samples 5391
weibo_2x_20: Fine-tuning Epoch   1, Time: 104.546s, Train Loss: 1.588, Val Loss: 1.135, Test Loss: 1.153, LOG2 MSLE: 3.029
Model saved!
weibo_2x_20: Fine-tuning Epoch   2, Time: 110.252s, Train Loss: 1.090, Val Loss: 1.026, Test Loss: 1.028, LOG2 MSLE: 2.435
Model saved!
weibo_2x_20: Fine-tuning Epoch   3, Time: 113.158s, Train Loss: 1.018, Val Loss: 1.000, Test Loss: 0.994, LOG2 MSLE: 2.279
Model saved!
weibo_2x_20: Fine-tuning Epoch   4, Time: 116.409s, Train Loss: 0.999, Val Loss: 0.984, Test Loss: 0.977, LOG2 MSLE: 2.212
Model saved!
weibo_2x_20: Fine-tuning Epoch   5, Time: 114.193s, Train Loss: 0.988, Val Loss: 0.981, Test Loss: 0.974, LOG2 MSLE: 2.201
Model saved!
weibo_2x_20: Fine-tuning Epoch   6, Time: 116.057s, Train Loss: 0.982, Val Loss: 0.976, Test Loss: 0.968, LOG2 MSLE: 2.178
Model saved!
weibo_2x_20: Fine-tuning Epoch   7, Time: 112.979s, Train Loss: 0.984, Val Loss: 0.980, Test Loss: 0.970, LOG2 MSLE: 2.179
weibo_2x_20: Fine-tuning Epoch   8, Time: 113.832s, Train Loss: 0.980, Val Loss: 0.986, Test Loss: 0.977, LOG2 MSLE: 2.227
weibo_2x_20: Fine-tuning Epoch   9, Time: 113.631s, Train Loss: 0.977, Val Loss: 0.973, Test Loss: 0.962, LOG2 MSLE: 2.149
Model saved!
weibo_2x_20: Fine-tuning Epoch  10, Time: 115.918s, Train Loss: 0.975, Val Loss: 0.984, Test Loss: 0.976, LOG2 MSLE: 2.221
weibo_2x_20: Fine-tuning Epoch  11, Time: 105.439s, Train Loss: 0.974, Val Loss: 0.977, Test Loss: 0.963, LOG2 MSLE: 2.149
weibo_2x_20: Fine-tuning Epoch  12, Time: 100.112s, Train Loss: 0.978, Val Loss: 0.986, Test Loss: 0.970, LOG2 MSLE: 2.179
weibo_2x_20: Fine-tuning Epoch  13, Time: 101.885s, Train Loss: 0.973, Val Loss: 0.973, Test Loss: 0.961, LOG2 MSLE: 2.151
Model saved!
weibo_2x_20: Fine-tuning Epoch  14, Time: 102.226s, Train Loss: 0.973, Val Loss: 0.977, Test Loss: 0.967, LOG2 MSLE: 2.182
weibo_2x_20: Fine-tuning Epoch  15, Time: 101.036s, Train Loss: 0.971, Val Loss: 0.969, Test Loss: 0.954, LOG2 MSLE: 2.117
Model saved!
weibo_2x_20: Fine-tuning Epoch  16, Time: 100.106s, Train Loss: 0.966, Val Loss: 0.969, Test Loss: 0.957, LOG2 MSLE: 2.129
weibo_2x_20: Fine-tuning Epoch  17, Time: 102.120s, Train Loss: 0.963, Val Loss: 0.974, Test Loss: 0.963, LOG2 MSLE: 2.164
weibo_2x_20: Fine-tuning Epoch  18, Time: 100.549s, Train Loss: 0.959, Val Loss: 0.964, Test Loss: 0.952, LOG2 MSLE: 2.111
Model saved!
weibo_2x_20: Fine-tuning Epoch  19, Time: 102.895s, Train Loss: 0.959, Val Loss: 0.964, Test Loss: 0.950, LOG2 MSLE: 2.108
weibo_2x_20: Fine-tuning Epoch  20, Time: 101.401s, Train Loss: 0.960, Val Loss: 0.973, Test Loss: 0.963, LOG2 MSLE: 2.160
weibo_2x_20: Fine-tuning Epoch  21, Time: 102.577s, Train Loss: 0.958, Val Loss: 0.965, Test Loss: 0.958, LOG2 MSLE: 2.143
weibo_2x_20: Fine-tuning Epoch  22, Time: 100.187s, Train Loss: 0.960, Val Loss: 0.973, Test Loss: 0.953, LOG2 MSLE: 2.116
weibo_2x_20: Fine-tuning Epoch  23, Time: 100.259s, Train Loss: 0.957, Val Loss: 0.963, Test Loss: 0.949, LOG2 MSLE: 2.099
Model saved!
weibo_2x_20: Fine-tuning Epoch  24, Time: 101.818s, Train Loss: 0.956, Val Loss: 0.973, Test Loss: 0.961, LOG2 MSLE: 2.164
weibo_2x_20: Fine-tuning Epoch  25, Time: 100.397s, Train Loss: 0.955, Val Loss: 0.973, Test Loss: 0.958, LOG2 MSLE: 2.129
weibo_2x_20: Fine-tuning Epoch  26, Time: 101.583s, Train Loss: 0.954, Val Loss: 0.964, Test Loss: 0.951, LOG2 MSLE: 2.112
weibo_2x_20: Fine-tuning Epoch  27, Time: 99.906s, Train Loss: 0.954, Val Loss: 0.964, Test Loss: 0.950, LOG2 MSLE: 2.102
weibo_2x_20: Fine-tuning Epoch  28, Time: 100.163s, Train Loss: 0.959, Val Loss: 0.963, Test Loss: 0.953, LOG2 MSLE: 2.121
Model saved!
weibo_2x_20: Fine-tuning Epoch  29, Time: 101.277s, Train Loss: 0.953, Val Loss: 0.977, Test Loss: 0.956, LOG2 MSLE: 2.127
weibo_2x_20: Fine-tuning Epoch  30, Time: 100.784s, Train Loss: 0.953, Val Loss: 0.966, Test Loss: 0.954, LOG2 MSLE: 2.132
weibo_2x_20: Fine-tuning Epoch  31, Time: 99.824s, Train Loss: 0.954, Val Loss: 0.972, Test Loss: 0.963, LOG2 MSLE: 2.168
weibo_2x_20: Fine-tuning Epoch  32, Time: 87.295s, Train Loss: 0.953, Val Loss: 0.960, Test Loss: 0.949, LOG2 MSLE: 2.094
Model saved!
weibo_2x_20: Fine-tuning Epoch  33, Time: 86.168s, Train Loss: 0.953, Val Loss: 0.966, Test Loss: 0.954, LOG2 MSLE: 2.114
weibo_2x_20: Fine-tuning Epoch  34, Time: 86.679s, Train Loss: 0.952, Val Loss: 0.970, Test Loss: 0.951, LOG2 MSLE: 2.108
weibo_2x_20: Fine-tuning Epoch  35, Time: 86.335s, Train Loss: 0.951, Val Loss: 0.966, Test Loss: 0.948, LOG2 MSLE: 2.101
weibo_2x_20: Fine-tuning Epoch  36, Time: 86.649s, Train Loss: 0.951, Val Loss: 0.956, Test Loss: 0.945, LOG2 MSLE: 2.083
Model saved!
weibo_2x_20: Fine-tuning Epoch  37, Time: 86.558s, Train Loss: 0.952, Val Loss: 0.966, Test Loss: 0.949, LOG2 MSLE: 2.106
weibo_2x_20: Fine-tuning Epoch  38, Time: 87.309s, Train Loss: 0.952, Val Loss: 0.958, Test Loss: 0.943, LOG2 MSLE: 2.079
weibo_2x_20: Fine-tuning Epoch  39, Time: 86.914s, Train Loss: 0.950, Val Loss: 0.955, Test Loss: 0.946, LOG2 MSLE: 2.089
Model saved!
weibo_2x_20: Fine-tuning Epoch  40, Time: 86.434s, Train Loss: 0.953, Val Loss: 0.965, Test Loss: 0.948, LOG2 MSLE: 2.104
weibo_2x_20: Fine-tuning Epoch  41, Time: 86.113s, Train Loss: 0.949, Val Loss: 0.969, Test Loss: 0.951, LOG2 MSLE: 2.107
weibo_2x_20: Fine-tuning Epoch  42, Time: 86.352s, Train Loss: 0.952, Val Loss: 0.955, Test Loss: 0.942, LOG2 MSLE: 2.070
Model saved!
weibo_2x_20: Fine-tuning Epoch  43, Time: 86.003s, Train Loss: 0.948, Val Loss: 0.958, Test Loss: 0.950, LOG2 MSLE: 2.109
weibo_2x_20: Fine-tuning Epoch  44, Time: 85.573s, Train Loss: 0.950, Val Loss: 0.976, Test Loss: 0.972, LOG2 MSLE: 2.205
weibo_2x_20: Fine-tuning Epoch  45, Time: 75.579s, Train Loss: 0.950, Val Loss: 0.961, Test Loss: 0.952, LOG2 MSLE: 2.114
weibo_2x_20: Fine-tuning Epoch  46, Time: 76.170s, Train Loss: 0.949, Val Loss: 0.953, Test Loss: 0.945, LOG2 MSLE: 2.083
Model saved!
weibo_2x_20: Fine-tuning Epoch  47, Time: 75.004s, Train Loss: 0.951, Val Loss: 0.959, Test Loss: 0.945, LOG2 MSLE: 2.082
weibo_2x_20: Fine-tuning Epoch  48, Time: 74.631s, Train Loss: 0.949, Val Loss: 0.953, Test Loss: 0.944, LOG2 MSLE: 2.079
Model saved!
weibo_2x_20: Fine-tuning Epoch  49, Time: 74.486s, Train Loss: 0.950, Val Loss: 0.960, Test Loss: 0.948, LOG2 MSLE: 2.090
weibo_2x_20: Fine-tuning Epoch  50, Time: 75.111s, Train Loss: 0.949, Val Loss: 0.958, Test Loss: 0.944, LOG2 MSLE: 2.082
weibo_2x_20: Fine-tuning Epoch  51, Time: 74.029s, Train Loss: 0.948, Val Loss: 0.955, Test Loss: 0.943, LOG2 MSLE: 2.077
weibo_2x_20: Fine-tuning Epoch  52, Time: 73.858s, Train Loss: 0.948, Val Loss: 0.957, Test Loss: 0.947, LOG2 MSLE: 2.098
weibo_2x_20: Fine-tuning Epoch  53, Time: 73.790s, Train Loss: 0.947, Val Loss: 0.956, Test Loss: 0.951, LOG2 MSLE: 2.111
weibo_2x_20: Fine-tuning Epoch  54, Time: 74.818s, Train Loss: 0.949, Val Loss: 0.953, Test Loss: 0.945, LOG2 MSLE: 2.084
weibo_2x_20: Fine-tuning Epoch  55, Time: 74.560s, Train Loss: 0.948, Val Loss: 0.969, Test Loss: 0.959, LOG2 MSLE: 2.131
weibo_2x_20: Fine-tuning Epoch  56, Time: 73.287s, Train Loss: 0.948, Val Loss: 0.957, Test Loss: 0.947, LOG2 MSLE: 2.089
weibo_2x_20: Fine-tuning Epoch  57, Time: 74.337s, Train Loss: 0.946, Val Loss: 0.956, Test Loss: 0.947, LOG2 MSLE: 2.095
weibo_2x_20: Fine-tuning Epoch  58, Time: 74.968s, Train Loss: 0.946, Val Loss: 0.953, Test Loss: 0.942, LOG2 MSLE: 2.069
Model saved!
weibo_2x_20: Fine-tuning Epoch  59, Time: 73.059s, Train Loss: 0.946, Val Loss: 0.957, Test Loss: 0.948, LOG2 MSLE: 2.101
weibo_2x_20: Fine-tuning Epoch  60, Time: 73.372s, Train Loss: 0.948, Val Loss: 0.958, Test Loss: 0.947, LOG2 MSLE: 2.090
weibo_2x_20: Fine-tuning Epoch  61, Time: 74.062s, Train Loss: 0.947, Val Loss: 0.967, Test Loss: 0.950, LOG2 MSLE: 2.103
weibo_2x_20: Fine-tuning Epoch  62, Time: 73.943s, Train Loss: 0.945, Val Loss: 0.961, Test Loss: 0.946, LOG2 MSLE: 2.089
weibo_2x_20: Fine-tuning Epoch  63, Time: 74.695s, Train Loss: 0.948, Val Loss: 0.957, Test Loss: 0.945, LOG2 MSLE: 2.082
weibo_2x_20: Fine-tuning Epoch  64, Time: 75.019s, Train Loss: 0.947, Val Loss: 0.955, Test Loss: 0.945, LOG2 MSLE: 2.088
weibo_2x_20: Fine-tuning Epoch  65, Time: 72.438s, Train Loss: 0.947, Val Loss: 0.951, Test Loss: 0.941, LOG2 MSLE: 2.065
Model saved!
weibo_2x_20: Fine-tuning Epoch  66, Time: 65.127s, Train Loss: 0.946, Val Loss: 0.951, Test Loss: 0.942, LOG2 MSLE: 2.071
weibo_2x_20: Fine-tuning Epoch  67, Time: 66.469s, Train Loss: 0.946, Val Loss: 0.952, Test Loss: 0.944, LOG2 MSLE: 2.078
weibo_2x_20: Fine-tuning Epoch  68, Time: 65.924s, Train Loss: 0.946, Val Loss: 0.955, Test Loss: 0.950, LOG2 MSLE: 2.101
weibo_2x_20: Fine-tuning Epoch  69, Time: 58.643s, Train Loss: 0.945, Val Loss: 0.951, Test Loss: nan, LOG2 MSLE: 2.087
weibo_2x_20: Fine-tuning Epoch  70, Time: 55.331s, Train Loss: nan, Val Loss: nan, Test Loss: nan, LOG2 MSLE: 31.724
weibo_2x_20: Fine-tuning Epoch  71, Time: 55.090s, Train Loss: nan, Val Loss: nan, Test Loss: nan, LOG2 MSLE: 31.724
weibo_2x_20: Fine-tuning Epoch  72, Time: 54.347s, Train Loss: nan, Val Loss: nan, Test Loss: nan, LOG2 MSLE: 31.724
weibo_2x_20: Fine-tuning Epoch  73, Time: 55.040s, Train Loss: nan, Val Loss: nan, Test Loss: nan, LOG2 MSLE: 31.724
weibo_2x_20: Fine-tuning Epoch  74, Time: 54.185s, Train Loss: nan, Val Loss: nan, Test Loss: nan, LOG2 MSLE: 31.724
weibo_2x_20: Fine-tuning Epoch  75, Time: 54.193s, Train Loss: nan, Val Loss: nan, Test Loss: nan, LOG2 MSLE: 31.724
weibo_2x_20: Fine-tuning Epoch  76, Time: 56.208s, Train Loss: nan, Val Loss: nan, Test Loss: nan, LOG2 MSLE: 31.724
weibo_2x_20: Fine-tuning Epoch  77, Time: 55.938s, Train Loss: nan, Val Loss: nan, Test Loss: nan, LOG2 MSLE: 31.724
weibo_2x_20: Fine-tuning Epoch  78, Time: 55.808s, Train Loss: nan, Val Loss: nan, Test Loss: nan, LOG2 MSLE: 31.724
weibo_2x_20: Fine-tuning Epoch  79, Time: 55.239s, Train Loss: nan, Val Loss: nan, Test Loss: nan, LOG2 MSLE: 31.724
weibo_2x_20: Fine-tuning Epoch  80, Time: 55.574s, Train Loss: nan, Val Loss: nan, Test Loss: nan, LOG2 MSLE: 31.724
weibo_2x_20: Fine-tuning Epoch  81, Time: 55.531s, Train Loss: nan, Val Loss: nan, Test Loss: nan, LOG2 MSLE: 31.724
weibo_2x_20: Fine-tuning Epoch  82, Time: 54.933s, Train Loss: nan, Val Loss: nan, Test Loss: nan, LOG2 MSLE: 31.724
weibo_2x_20: Fine-tuning Epoch  83, Time: 55.206s, Train Loss: nan, Val Loss: nan, Test Loss: nan, LOG2 MSLE: 31.724
weibo_2x_20: Fine-tuning Epoch  84, Time: 53.270s, Train Loss: nan, Val Loss: nan, Test Loss: nan, LOG2 MSLE: 31.724
weibo_2x_20: Fine-tuning Epoch  85, Time: 53.819s, Train Loss: nan, Val Loss: nan, Test Loss: nan, LOG2 MSLE: 31.724
Predictions saved! Best Test MSLE: 2.064921240356217
Best Test MAPE: 0.21630833128677235
Finished! Time used: 118.205min
