nohup: 忽略输入
cuda:2
# fine-tuning samples 25109
#  validation samples 5360
#        test samples 5391
weibo_1x_50: Fine-tuning Epoch   1, Time: 119.638s, Train Loss: 1.901, Val Loss: 1.389, Test Loss: 1.423, LOG2 MSLE: 4.578
Model saved!
weibo_1x_50: Fine-tuning Epoch   2, Time: 124.688s, Train Loss: 1.242, Val Loss: 1.110, Test Loss: 1.130, LOG2 MSLE: 2.908
Model saved!
weibo_1x_50: Fine-tuning Epoch   3, Time: 126.631s, Train Loss: 1.091, Val Loss: 1.049, Test Loss: 1.065, LOG2 MSLE: 2.605
Model saved!
weibo_1x_50: Fine-tuning Epoch   4, Time: 124.744s, Train Loss: 1.035, Val Loss: 1.011, Test Loss: 1.018, LOG2 MSLE: 2.395
Model saved!
weibo_1x_50: Fine-tuning Epoch   5, Time: 128.048s, Train Loss: 1.011, Val Loss: 1.000, Test Loss: 1.001, LOG2 MSLE: 2.321
Model saved!
weibo_1x_50: Fine-tuning Epoch   6, Time: 127.035s, Train Loss: 0.995, Val Loss: 0.990, Test Loss: 0.989, LOG2 MSLE: 2.271
Model saved!
weibo_1x_50: Fine-tuning Epoch   7, Time: 128.153s, Train Loss: 0.989, Val Loss: 0.977, Test Loss: 0.974, LOG2 MSLE: 2.200
Model saved!
weibo_1x_50: Fine-tuning Epoch   8, Time: 127.611s, Train Loss: 0.984, Val Loss: 0.974, Test Loss: 0.971, LOG2 MSLE: 2.182
Model saved!
weibo_1x_50: Fine-tuning Epoch   9, Time: 126.364s, Train Loss: 0.976, Val Loss: 0.973, Test Loss: 0.966, LOG2 MSLE: 2.162
Model saved!
weibo_1x_50: Fine-tuning Epoch  10, Time: 131.210s, Train Loss: 0.977, Val Loss: 0.984, Test Loss: 0.976, LOG2 MSLE: 2.216
weibo_1x_50: Fine-tuning Epoch  11, Time: 129.297s, Train Loss: 0.974, Val Loss: 0.990, Test Loss: 0.981, LOG2 MSLE: 2.221
weibo_1x_50: Fine-tuning Epoch  12, Time: 129.772s, Train Loss: 0.972, Val Loss: 0.968, Test Loss: 0.961, LOG2 MSLE: 2.146
Model saved!
weibo_1x_50: Fine-tuning Epoch  13, Time: 127.748s, Train Loss: 0.972, Val Loss: 0.983, Test Loss: 0.974, LOG2 MSLE: 2.206
weibo_1x_50: Fine-tuning Epoch  14, Time: 126.772s, Train Loss: 0.970, Val Loss: 0.970, Test Loss: 0.963, LOG2 MSLE: 2.157
weibo_1x_50: Fine-tuning Epoch  15, Time: 127.022s, Train Loss: 0.972, Val Loss: 0.982, Test Loss: 0.977, LOG2 MSLE: 2.226
weibo_1x_50: Fine-tuning Epoch  16, Time: 128.345s, Train Loss: 0.974, Val Loss: 0.968, Test Loss: 0.961, LOG2 MSLE: 2.142
weibo_1x_50: Fine-tuning Epoch  17, Time: 127.067s, Train Loss: 0.971, Val Loss: 0.970, Test Loss: 0.962, LOG2 MSLE: 2.148
weibo_1x_50: Fine-tuning Epoch  18, Time: 127.630s, Train Loss: 0.970, Val Loss: 0.974, Test Loss: 0.965, LOG2 MSLE: 2.157
weibo_1x_50: Fine-tuning Epoch  19, Time: 126.344s, Train Loss: 0.973, Val Loss: 0.969, Test Loss: 0.960, LOG2 MSLE: 2.142
weibo_1x_50: Fine-tuning Epoch  20, Time: 124.449s, Train Loss: 0.970, Val Loss: 0.982, Test Loss: 0.975, LOG2 MSLE: 2.220
weibo_1x_50: Fine-tuning Epoch  21, Time: 123.109s, Train Loss: 0.968, Val Loss: 0.989, Test Loss: 0.979, LOG2 MSLE: 2.215
weibo_1x_50: Fine-tuning Epoch  22, Time: 127.090s, Train Loss: 0.972, Val Loss: 0.970, Test Loss: 0.960, LOG2 MSLE: 2.143
weibo_1x_50: Fine-tuning Epoch  23, Time: 121.874s, Train Loss: 0.971, Val Loss: 0.972, Test Loss: 0.963, LOG2 MSLE: 2.151
weibo_1x_50: Fine-tuning Epoch  24, Time: 127.378s, Train Loss: 0.969, Val Loss: 0.973, Test Loss: 0.964, LOG2 MSLE: 2.160
weibo_1x_50: Fine-tuning Epoch  25, Time: 129.090s, Train Loss: 0.968, Val Loss: 0.971, Test Loss: 0.965, LOG2 MSLE: 2.166
weibo_1x_50: Fine-tuning Epoch  26, Time: 128.742s, Train Loss: 0.964, Val Loss: 0.963, Test Loss: 0.955, LOG2 MSLE: 2.120
Model saved!
weibo_1x_50: Fine-tuning Epoch  27, Time: 126.123s, Train Loss: 0.961, Val Loss: 0.964, Test Loss: 0.957, LOG2 MSLE: 2.125
weibo_1x_50: Fine-tuning Epoch  28, Time: 124.285s, Train Loss: 0.958, Val Loss: 0.971, Test Loss: 0.961, LOG2 MSLE: 2.142
weibo_1x_50: Fine-tuning Epoch  29, Time: 129.082s, Train Loss: 0.961, Val Loss: 0.960, Test Loss: 0.954, LOG2 MSLE: 2.117
Model saved!
weibo_1x_50: Fine-tuning Epoch  30, Time: 129.714s, Train Loss: 0.958, Val Loss: 0.957, Test Loss: 0.956, LOG2 MSLE: 2.125
Model saved!
weibo_1x_50: Fine-tuning Epoch  31, Time: 129.428s, Train Loss: 0.957, Val Loss: 0.959, Test Loss: 0.949, LOG2 MSLE: 2.098
weibo_1x_50: Fine-tuning Epoch  32, Time: 131.188s, Train Loss: 0.958, Val Loss: 0.960, Test Loss: 0.950, LOG2 MSLE: 2.098
weibo_1x_50: Fine-tuning Epoch  33, Time: 131.141s, Train Loss: 0.955, Val Loss: 0.961, Test Loss: 0.953, LOG2 MSLE: 2.116
weibo_1x_50: Fine-tuning Epoch  34, Time: 128.378s, Train Loss: 0.954, Val Loss: 0.956, Test Loss: 0.951, LOG2 MSLE: 2.110
Model saved!
weibo_1x_50: Fine-tuning Epoch  35, Time: 130.019s, Train Loss: 0.955, Val Loss: 0.962, Test Loss: 0.962, LOG2 MSLE: 2.153
weibo_1x_50: Fine-tuning Epoch  36, Time: 130.481s, Train Loss: 0.956, Val Loss: 0.963, Test Loss: 0.955, LOG2 MSLE: 2.117
weibo_1x_50: Fine-tuning Epoch  37, Time: 129.471s, Train Loss: 0.953, Val Loss: 0.954, Test Loss: 0.949, LOG2 MSLE: 2.097
Model saved!
weibo_1x_50: Fine-tuning Epoch  38, Time: 128.601s, Train Loss: 0.954, Val Loss: 0.958, Test Loss: 0.949, LOG2 MSLE: 2.096
weibo_1x_50: Fine-tuning Epoch  39, Time: 130.736s, Train Loss: 0.955, Val Loss: 0.956, Test Loss: 0.951, LOG2 MSLE: 2.109
weibo_1x_50: Fine-tuning Epoch  40, Time: 126.873s, Train Loss: 0.954, Val Loss: 0.959, Test Loss: 0.950, LOG2 MSLE: 2.097
weibo_1x_50: Fine-tuning Epoch  41, Time: 117.956s, Train Loss: 0.951, Val Loss: 0.956, Test Loss: 0.950, LOG2 MSLE: 2.105
weibo_1x_50: Fine-tuning Epoch  42, Time: 117.821s, Train Loss: 0.953, Val Loss: 0.955, Test Loss: 0.949, LOG2 MSLE: 2.091
weibo_1x_50: Fine-tuning Epoch  43, Time: 119.498s, Train Loss: 0.952, Val Loss: 0.956, Test Loss: 0.947, LOG2 MSLE: 2.090
weibo_1x_50: Fine-tuning Epoch  44, Time: 120.280s, Train Loss: 0.951, Val Loss: 0.958, Test Loss: 0.950, LOG2 MSLE: 2.097
weibo_1x_50: Fine-tuning Epoch  45, Time: 118.839s, Train Loss: 0.952, Val Loss: 0.963, Test Loss: 0.961, LOG2 MSLE: 2.153
weibo_1x_50: Fine-tuning Epoch  46, Time: 110.227s, Train Loss: 0.951, Val Loss: 0.953, Test Loss: 0.947, LOG2 MSLE: 2.089
Model saved!
weibo_1x_50: Fine-tuning Epoch  47, Time: 105.995s, Train Loss: 0.951, Val Loss: 0.957, Test Loss: 0.947, LOG2 MSLE: 2.089
weibo_1x_50: Fine-tuning Epoch  48, Time: 102.801s, Train Loss: 0.952, Val Loss: 0.953, Test Loss: 0.947, LOG2 MSLE: 2.089
Model saved!
weibo_1x_50: Fine-tuning Epoch  49, Time: 106.391s, Train Loss: 0.951, Val Loss: 0.958, Test Loss: 0.950, LOG2 MSLE: 2.101
weibo_1x_50: Fine-tuning Epoch  50, Time: 106.642s, Train Loss: 0.952, Val Loss: 0.954, Test Loss: 0.947, LOG2 MSLE: 2.087
weibo_1x_50: Fine-tuning Epoch  51, Time: 107.590s, Train Loss: 0.950, Val Loss: 0.959, Test Loss: 0.953, LOG2 MSLE: 2.121
weibo_1x_50: Fine-tuning Epoch  52, Time: 106.184s, Train Loss: 0.949, Val Loss: 0.958, Test Loss: 0.951, LOG2 MSLE: 2.109
weibo_1x_50: Fine-tuning Epoch  53, Time: 106.531s, Train Loss: 0.950, Val Loss: 0.959, Test Loss: 0.951, LOG2 MSLE: 2.100
weibo_1x_50: Fine-tuning Epoch  54, Time: 107.006s, Train Loss: 0.950, Val Loss: 0.954, Test Loss: 0.946, LOG2 MSLE: 2.084
weibo_1x_50: Fine-tuning Epoch  55, Time: 107.640s, Train Loss: 0.950, Val Loss: 0.954, Test Loss: 0.950, LOG2 MSLE: 2.099
weibo_1x_50: Fine-tuning Epoch  56, Time: 107.649s, Train Loss: 0.952, Val Loss: 0.957, Test Loss: 0.948, LOG2 MSLE: 2.094
weibo_1x_50: Fine-tuning Epoch  57, Time: 107.420s, Train Loss: 0.949, Val Loss: 0.955, Test Loss: 0.950, LOG2 MSLE: 2.103
weibo_1x_50: Fine-tuning Epoch  58, Time: 105.116s, Train Loss: 0.950, Val Loss: 0.956, Test Loss: 0.948, LOG2 MSLE: 2.094
weibo_1x_50: Fine-tuning Epoch  59, Time: 106.967s, Train Loss: 1.077, Val Loss: 0.996, Test Loss: 1.005, LOG2 MSLE: 2.336
weibo_1x_50: Fine-tuning Epoch  60, Time: 106.088s, Train Loss: 0.980, Val Loss: 0.979, Test Loss: 0.975, LOG2 MSLE: 2.197
weibo_1x_50: Fine-tuning Epoch  61, Time: 105.694s, Train Loss: 0.969, Val Loss: 0.967, Test Loss: 0.962, LOG2 MSLE: 2.149
weibo_1x_50: Fine-tuning Epoch  62, Time: 106.537s, Train Loss: 0.966, Val Loss: 0.972, Test Loss: 0.966, LOG2 MSLE: 2.172
weibo_1x_50: Fine-tuning Epoch  63, Time: 104.086s, Train Loss: 0.969, Val Loss: 0.968, Test Loss: 0.960, LOG2 MSLE: 2.143
weibo_1x_50: Fine-tuning Epoch  64, Time: 105.977s, Train Loss: 0.968, Val Loss: 0.970, Test Loss: 0.963, LOG2 MSLE: 2.158
weibo_1x_50: Fine-tuning Epoch  65, Time: 105.046s, Train Loss: 0.967, Val Loss: 0.967, Test Loss: 0.959, LOG2 MSLE: 2.136
weibo_1x_50: Fine-tuning Epoch  66, Time: 104.623s, Train Loss: 0.966, Val Loss: 0.967, Test Loss: 0.959, LOG2 MSLE: 2.137
weibo_1x_50: Fine-tuning Epoch  67, Time: 105.067s, Train Loss: 0.967, Val Loss: 0.973, Test Loss: 0.966, LOG2 MSLE: 2.161
weibo_1x_50: Fine-tuning Epoch  68, Time: 106.992s, Train Loss: 0.967, Val Loss: 0.984, Test Loss: 0.976, LOG2 MSLE: 2.224
Predictions saved! Best Test MSLE: 2.0890213536375564
Best Test MAPE: 0.21785327679178323
Finished! Time used: 136.239min
