nohup: 忽略输入
cuda:2
# fine-tuning samples 25109
#  validation samples 5360
#        test samples 5391
weibo_4x_50: Fine-tuning Epoch   1, Time: 138.837s, Train Loss: 1.280, Val Loss: 1.015, Test Loss: 1.015, LOG2 MSLE: 2.382
Model saved!
weibo_4x_50: Fine-tuning Epoch   2, Time: 145.448s, Train Loss: 1.005, Val Loss: 0.990, Test Loss: 0.982, LOG2 MSLE: 2.229
Model saved!
weibo_4x_50: Fine-tuning Epoch   3, Time: 145.898s, Train Loss: 0.986, Val Loss: 0.980, Test Loss: 0.972, LOG2 MSLE: 2.188
Model saved!
weibo_4x_50: Fine-tuning Epoch   4, Time: 144.815s, Train Loss: nan, Val Loss: nan, Test Loss: nan, LOG2 MSLE: 31.724
weibo_4x_50: Fine-tuning Epoch   5, Time: 146.681s, Train Loss: nan, Val Loss: nan, Test Loss: nan, LOG2 MSLE: 31.724
weibo_4x_50: Fine-tuning Epoch   6, Time: 144.630s, Train Loss: nan, Val Loss: nan, Test Loss: nan, LOG2 MSLE: 31.724
weibo_4x_50: Fine-tuning Epoch   7, Time: 149.355s, Train Loss: nan, Val Loss: nan, Test Loss: nan, LOG2 MSLE: 31.724
weibo_4x_50: Fine-tuning Epoch   8, Time: 147.179s, Train Loss: nan, Val Loss: nan, Test Loss: nan, LOG2 MSLE: 31.724
weibo_4x_50: Fine-tuning Epoch   9, Time: 146.940s, Train Loss: nan, Val Loss: nan, Test Loss: nan, LOG2 MSLE: 31.724
weibo_4x_50: Fine-tuning Epoch  10, Time: 147.528s, Train Loss: nan, Val Loss: nan, Test Loss: nan, LOG2 MSLE: 31.724
weibo_4x_50: Fine-tuning Epoch  11, Time: 148.190s, Train Loss: nan, Val Loss: nan, Test Loss: nan, LOG2 MSLE: 31.724
weibo_4x_50: Fine-tuning Epoch  12, Time: 150.058s, Train Loss: nan, Val Loss: nan, Test Loss: nan, LOG2 MSLE: 31.724
weibo_4x_50: Fine-tuning Epoch  13, Time: 148.950s, Train Loss: nan, Val Loss: nan, Test Loss: nan, LOG2 MSLE: 31.724
weibo_4x_50: Fine-tuning Epoch  14, Time: 150.473s, Train Loss: nan, Val Loss: nan, Test Loss: nan, LOG2 MSLE: 31.724
weibo_4x_50: Fine-tuning Epoch  15, Time: 146.233s, Train Loss: nan, Val Loss: nan, Test Loss: nan, LOG2 MSLE: 31.724
weibo_4x_50: Fine-tuning Epoch  16, Time: 127.650s, Train Loss: nan, Val Loss: nan, Test Loss: nan, LOG2 MSLE: 31.724
weibo_4x_50: Fine-tuning Epoch  17, Time: 120.694s, Train Loss: nan, Val Loss: nan, Test Loss: nan, LOG2 MSLE: 31.724
weibo_4x_50: Fine-tuning Epoch  18, Time: 110.708s, Train Loss: nan, Val Loss: nan, Test Loss: nan, LOG2 MSLE: 31.724
weibo_4x_50: Fine-tuning Epoch  19, Time: 93.803s, Train Loss: nan, Val Loss: nan, Test Loss: nan, LOG2 MSLE: 31.724
weibo_4x_50: Fine-tuning Epoch  20, Time: 90.692s, Train Loss: nan, Val Loss: nan, Test Loss: nan, LOG2 MSLE: 31.724
weibo_4x_50: Fine-tuning Epoch  21, Time: 88.037s, Train Loss: nan, Val Loss: nan, Test Loss: nan, LOG2 MSLE: 31.724
weibo_4x_50: Fine-tuning Epoch  22, Time: 88.112s, Train Loss: nan, Val Loss: nan, Test Loss: nan, LOG2 MSLE: 31.724
weibo_4x_50: Fine-tuning Epoch  23, Time: 87.325s, Train Loss: nan, Val Loss: nan, Test Loss: nan, LOG2 MSLE: 31.724
Predictions saved! Best Test MSLE: 2.188125656486299
Best Test MAPE: 0.21637256908445346
Finished! Time used: 50.724min
