nohup: 忽略输入
cuda:3
# pre-training samples 5866
weibo_1x_200: Pre-training Epoch   1, Time: 34.874s, 2022-07-18, 17:21, Train Loss: 4.1159
Model saved!
weibo_1x_200: Pre-training Epoch   2, Time: 37.092s, 2022-07-18, 17:22, Train Loss: 3.5044
Model saved!
weibo_1x_200: Pre-training Epoch   3, Time: 35.137s, 2022-07-18, 17:23, Train Loss: 3.2033
Model saved!
weibo_1x_200: Pre-training Epoch   4, Time: 35.105s, 2022-07-18, 17:23, Train Loss: 3.0892
Model saved!
weibo_1x_200: Pre-training Epoch   5, Time: 34.533s, 2022-07-18, 17:24, Train Loss: 2.9440
Model saved!
weibo_1x_200: Pre-training Epoch   6, Time: 33.780s, 2022-07-18, 17:24, Train Loss: 2.8977
Model saved!
weibo_1x_200: Pre-training Epoch   7, Time: 34.884s, 2022-07-18, 17:25, Train Loss: 2.7277
Model saved!
weibo_1x_200: Pre-training Epoch   8, Time: 34.884s, 2022-07-18, 17:26, Train Loss: 2.6789
Model saved!
weibo_1x_200: Pre-training Epoch   9, Time: 34.639s, 2022-07-18, 17:26, Train Loss: 2.5883
Model saved!
weibo_1x_200: Pre-training Epoch  10, Time: 34.991s, 2022-07-18, 17:27, Train Loss: 2.5523
Model saved!
weibo_1x_200: Pre-training Epoch  11, Time: 35.518s, 2022-07-18, 17:27, Train Loss: 2.4985
Model saved!
weibo_1x_200: Pre-training Epoch  12, Time: 34.235s, 2022-07-18, 17:28, Train Loss: 2.4941
Model saved!
weibo_1x_200: Pre-training Epoch  13, Time: 34.687s, 2022-07-18, 17:28, Train Loss: 2.4401
Model saved!
weibo_1x_200: Pre-training Epoch  14, Time: 35.245s, 2022-07-18, 17:29, Train Loss: 2.4088
Model saved!
weibo_1x_200: Pre-training Epoch  15, Time: 34.713s, 2022-07-18, 17:30, Train Loss: 2.3821
Model saved!
weibo_1x_200: Pre-training Epoch  16, Time: 35.291s, 2022-07-18, 17:30, Train Loss: 2.3856
weibo_1x_200: Pre-training Epoch  17, Time: 34.788s, 2022-07-18, 17:31, Train Loss: 2.3660
Model saved!
weibo_1x_200: Pre-training Epoch  18, Time: 35.358s, 2022-07-18, 17:31, Train Loss: 2.3324
Model saved!
weibo_1x_200: Pre-training Epoch  19, Time: 34.578s, 2022-07-18, 17:32, Train Loss: 2.3114
Model saved!
weibo_1x_200: Pre-training Epoch  20, Time: 35.037s, 2022-07-18, 17:33, Train Loss: 2.2589
Model saved!
weibo_1x_200: Pre-training Epoch  21, Time: 34.366s, 2022-07-18, 17:33, Train Loss: 2.2466
Model saved!
weibo_1x_200: Pre-training Epoch  22, Time: 34.611s, 2022-07-18, 17:34, Train Loss: 2.2160
Model saved!
weibo_1x_200: Pre-training Epoch  23, Time: 34.858s, 2022-07-18, 17:34, Train Loss: 2.2090
Model saved!
weibo_1x_200: Pre-training Epoch  24, Time: 34.773s, 2022-07-18, 17:35, Train Loss: 2.2185
weibo_1x_200: Pre-training Epoch  25, Time: 34.853s, 2022-07-18, 17:35, Train Loss: 2.1903
Model saved!
weibo_1x_200: Pre-training Epoch  26, Time: 35.464s, 2022-07-18, 17:36, Train Loss: 2.1408
Model saved!
weibo_1x_200: Pre-training Epoch  27, Time: 35.570s, 2022-07-18, 17:37, Train Loss: 2.1201
Model saved!
weibo_1x_200: Pre-training Epoch  28, Time: 34.534s, 2022-07-18, 17:37, Train Loss: 2.1214
weibo_1x_200: Pre-training Epoch  29, Time: 35.775s, 2022-07-18, 17:38, Train Loss: 2.1302
weibo_1x_200: Pre-training Epoch  30, Time: 35.077s, 2022-07-18, 17:38, Train Loss: 2.0787
Model saved!
weibo_1x_200: Pre-training Epoch  31, Time: 34.415s, 2022-07-18, 17:39, Train Loss: 2.0848
weibo_1x_200: Pre-training Epoch  32, Time: 35.035s, 2022-07-18, 17:40, Train Loss: 2.0530
Model saved!
weibo_1x_200: Pre-training Epoch  33, Time: 34.831s, 2022-07-18, 17:40, Train Loss: 2.0777
weibo_1x_200: Pre-training Epoch  34, Time: 34.126s, 2022-07-18, 17:41, Train Loss: 2.0414
Model saved!
weibo_1x_200: Pre-training Epoch  35, Time: 35.068s, 2022-07-18, 17:41, Train Loss: 2.0626
weibo_1x_200: Pre-training Epoch  36, Time: 35.070s, 2022-07-18, 17:42, Train Loss: 2.0077
Model saved!
weibo_1x_200: Pre-training Epoch  37, Time: 34.470s, 2022-07-18, 17:42, Train Loss: 1.9691
Model saved!
weibo_1x_200: Pre-training Epoch  38, Time: 35.359s, 2022-07-18, 17:43, Train Loss: 2.0057
weibo_1x_200: Pre-training Epoch  39, Time: 34.957s, 2022-07-18, 17:44, Train Loss: 1.9666
Model saved!
weibo_1x_200: Pre-training Epoch  40, Time: 35.208s, 2022-07-18, 17:44, Train Loss: 1.9470
Model saved!
weibo_1x_200: Pre-training Epoch  41, Time: 34.549s, 2022-07-18, 17:45, Train Loss: 1.9510
weibo_1x_200: Pre-training Epoch  42, Time: 34.862s, 2022-07-18, 17:45, Train Loss: 1.9439
Model saved!
weibo_1x_200: Pre-training Epoch  43, Time: 34.358s, 2022-07-18, 17:46, Train Loss: 1.9532
weibo_1x_200: Pre-training Epoch  44, Time: 35.247s, 2022-07-18, 17:47, Train Loss: 1.9538
weibo_1x_200: Pre-training Epoch  45, Time: 35.859s, 2022-07-18, 17:47, Train Loss: 1.9303
Model saved!
weibo_1x_200: Pre-training Epoch  46, Time: 34.488s, 2022-07-18, 17:48, Train Loss: 1.8970
Model saved!
weibo_1x_200: Pre-training Epoch  47, Time: 34.396s, 2022-07-18, 17:48, Train Loss: 1.8911
Model saved!
weibo_1x_200: Pre-training Epoch  48, Time: 35.002s, 2022-07-18, 17:49, Train Loss: 1.8507
Model saved!
weibo_1x_200: Pre-training Epoch  49, Time: 33.591s, 2022-07-18, 17:49, Train Loss: 1.9148
weibo_1x_200: Pre-training Epoch  50, Time: 34.599s, 2022-07-18, 17:50, Train Loss: 1.8437
Model saved!
weibo_1x_200: Pre-training Epoch  51, Time: 34.956s, 2022-07-18, 17:51, Train Loss: 1.8230
Model saved!
weibo_1x_200: Pre-training Epoch  52, Time: 34.106s, 2022-07-18, 17:51, Train Loss: 1.8757
weibo_1x_200: Pre-training Epoch  53, Time: 35.375s, 2022-07-18, 17:52, Train Loss: 1.9119
weibo_1x_200: Pre-training Epoch  54, Time: 34.723s, 2022-07-18, 17:52, Train Loss: 1.8281
weibo_1x_200: Pre-training Epoch  55, Time: 34.887s, 2022-07-18, 17:53, Train Loss: 1.8024
Model saved!
weibo_1x_200: Pre-training Epoch  56, Time: 34.460s, 2022-07-18, 17:53, Train Loss: 1.8077
weibo_1x_200: Pre-training Epoch  57, Time: 34.821s, 2022-07-18, 17:54, Train Loss: 1.7963
Model saved!
weibo_1x_200: Pre-training Epoch  58, Time: 34.736s, 2022-07-18, 17:55, Train Loss: 1.7977
weibo_1x_200: Pre-training Epoch  59, Time: 34.007s, 2022-07-18, 17:55, Train Loss: 1.8364
weibo_1x_200: Pre-training Epoch  60, Time: 34.031s, 2022-07-18, 17:56, Train Loss: 1.7980
weibo_1x_200: Pre-training Epoch  61, Time: 34.376s, 2022-07-18, 17:56, Train Loss: 1.7835
Model saved!
weibo_1x_200: Pre-training Epoch  62, Time: 35.054s, 2022-07-18, 17:57, Train Loss: 1.7504
Model saved!
weibo_1x_200: Pre-training Epoch  63, Time: 34.236s, 2022-07-18, 17:57, Train Loss: 1.8217
weibo_1x_200: Pre-training Epoch  64, Time: 34.455s, 2022-07-18, 17:58, Train Loss: 1.7587
weibo_1x_200: Pre-training Epoch  65, Time: 33.702s, 2022-07-18, 17:59, Train Loss: 1.7805
weibo_1x_200: Pre-training Epoch  66, Time: 34.530s, 2022-07-18, 17:59, Train Loss: 1.7527
weibo_1x_200: Pre-training Epoch  67, Time: 34.447s, 2022-07-18, 18:00, Train Loss: 1.7501
Model saved!
weibo_1x_200: Pre-training Epoch  68, Time: 35.077s, 2022-07-18, 18:00, Train Loss: 1.7213
Model saved!
weibo_1x_200: Pre-training Epoch  69, Time: 34.807s, 2022-07-18, 18:01, Train Loss: 1.7353
weibo_1x_200: Pre-training Epoch  70, Time: 34.689s, 2022-07-18, 18:02, Train Loss: 1.7560
weibo_1x_200: Pre-training Epoch  71, Time: 33.912s, 2022-07-18, 18:02, Train Loss: 1.7437
weibo_1x_200: Pre-training Epoch  72, Time: 34.122s, 2022-07-18, 18:03, Train Loss: 1.6878
Model saved!
weibo_1x_200: Pre-training Epoch  73, Time: 35.073s, 2022-07-18, 18:03, Train Loss: 1.6984
weibo_1x_200: Pre-training Epoch  74, Time: 35.015s, 2022-07-18, 18:04, Train Loss: 1.6745
Model saved!
weibo_1x_200: Pre-training Epoch  75, Time: 33.990s, 2022-07-18, 18:04, Train Loss: 1.7185
weibo_1x_200: Pre-training Epoch  76, Time: 34.266s, 2022-07-18, 18:05, Train Loss: 1.7040
weibo_1x_200: Pre-training Epoch  77, Time: 34.885s, 2022-07-18, 18:06, Train Loss: 1.7017
weibo_1x_200: Pre-training Epoch  78, Time: 34.116s, 2022-07-18, 18:06, Train Loss: 1.6671
Model saved!
weibo_1x_200: Pre-training Epoch  79, Time: 35.301s, 2022-07-18, 18:07, Train Loss: 1.6762
weibo_1x_200: Pre-training Epoch  80, Time: 34.267s, 2022-07-18, 18:07, Train Loss: 1.6467
Model saved!
weibo_1x_200: Pre-training Epoch  81, Time: 34.642s, 2022-07-18, 18:08, Train Loss: 1.6914
weibo_1x_200: Pre-training Epoch  82, Time: 35.396s, 2022-07-18, 18:08, Train Loss: 1.6457
Model saved!
weibo_1x_200: Pre-training Epoch  83, Time: 34.764s, 2022-07-18, 18:09, Train Loss: 1.6250
Model saved!
weibo_1x_200: Pre-training Epoch  84, Time: 34.844s, 2022-07-18, 18:10, Train Loss: 1.6346
weibo_1x_200: Pre-training Epoch  85, Time: 34.536s, 2022-07-18, 18:10, Train Loss: 1.6347
weibo_1x_200: Pre-training Epoch  86, Time: 35.146s, 2022-07-18, 18:11, Train Loss: 1.6604
weibo_1x_200: Pre-training Epoch  87, Time: 35.906s, 2022-07-18, 18:11, Train Loss: 1.6076
Model saved!
weibo_1x_200: Pre-training Epoch  88, Time: 35.711s, 2022-07-18, 18:12, Train Loss: 1.6118
weibo_1x_200: Pre-training Epoch  89, Time: 35.180s, 2022-07-18, 18:13, Train Loss: 1.6076
Model saved!
weibo_1x_200: Pre-training Epoch  90, Time: 34.240s, 2022-07-18, 18:13, Train Loss: 1.6309
weibo_1x_200: Pre-training Epoch  91, Time: 35.788s, 2022-07-18, 18:14, Train Loss: 1.6114
weibo_1x_200: Pre-training Epoch  92, Time: 35.228s, 2022-07-18, 18:14, Train Loss: 1.6105
weibo_1x_200: Pre-training Epoch  93, Time: 34.394s, 2022-07-18, 18:15, Train Loss: 1.6246
weibo_1x_200: Pre-training Epoch  94, Time: 34.457s, 2022-07-18, 18:15, Train Loss: 1.5791
Model saved!
weibo_1x_200: Pre-training Epoch  95, Time: 35.472s, 2022-07-18, 18:16, Train Loss: 1.5962
weibo_1x_200: Pre-training Epoch  96, Time: 34.954s, 2022-07-18, 18:17, Train Loss: 1.5907
weibo_1x_200: Pre-training Epoch  97, Time: 35.689s, 2022-07-18, 18:17, Train Loss: 1.5790
Model saved!
weibo_1x_200: Pre-training Epoch  98, Time: 35.342s, 2022-07-18, 18:18, Train Loss: 1.5718
Model saved!
weibo_1x_200: Pre-training Epoch  99, Time: 34.739s, 2022-07-18, 18:18, Train Loss: 1.5489
Model saved!
weibo_1x_200: Pre-training Epoch 100, Time: 35.554s, 2022-07-18, 18:19, Train Loss: 1.5479
Model saved!
weibo_1x_200: Pre-training Epoch 101, Time: 35.481s, 2022-07-18, 18:20, Train Loss: 1.5642
weibo_1x_200: Pre-training Epoch 102, Time: 34.578s, 2022-07-18, 18:20, Train Loss: 1.5520
weibo_1x_200: Pre-training Epoch 103, Time: 34.698s, 2022-07-18, 18:21, Train Loss: 1.5447
Model saved!
weibo_1x_200: Pre-training Epoch 104, Time: 34.844s, 2022-07-18, 18:21, Train Loss: 1.5854
weibo_1x_200: Pre-training Epoch 105, Time: 35.671s, 2022-07-18, 18:22, Train Loss: 1.5334
Model saved!
weibo_1x_200: Pre-training Epoch 106, Time: 34.826s, 2022-07-18, 18:22, Train Loss: 1.5387
weibo_1x_200: Pre-training Epoch 107, Time: 35.015s, 2022-07-18, 18:23, Train Loss: 1.5532
weibo_1x_200: Pre-training Epoch 108, Time: 34.904s, 2022-07-18, 18:24, Train Loss: 1.5287
Model saved!
weibo_1x_200: Pre-training Epoch 109, Time: 34.496s, 2022-07-18, 18:24, Train Loss: 1.5194
Model saved!
weibo_1x_200: Pre-training Epoch 110, Time: 34.424s, 2022-07-18, 18:25, Train Loss: 1.5079
Model saved!
weibo_1x_200: Pre-training Epoch 111, Time: 35.264s, 2022-07-18, 18:25, Train Loss: 1.5185
weibo_1x_200: Pre-training Epoch 112, Time: 33.984s, 2022-07-18, 18:26, Train Loss: 1.5115
weibo_1x_200: Pre-training Epoch 113, Time: 35.116s, 2022-07-18, 18:27, Train Loss: 1.5001
Model saved!
weibo_1x_200: Pre-training Epoch 114, Time: 35.541s, 2022-07-18, 18:27, Train Loss: 1.5013
weibo_1x_200: Pre-training Epoch 115, Time: 34.057s, 2022-07-18, 18:28, Train Loss: 1.5063
weibo_1x_200: Pre-training Epoch 116, Time: 34.545s, 2022-07-18, 18:28, Train Loss: 1.4934
Model saved!
weibo_1x_200: Pre-training Epoch 117, Time: 34.112s, 2022-07-18, 18:29, Train Loss: 1.4933
Model saved!
weibo_1x_200: Pre-training Epoch 118, Time: 35.471s, 2022-07-18, 18:29, Train Loss: 1.5048
weibo_1x_200: Pre-training Epoch 119, Time: 34.748s, 2022-07-18, 18:30, Train Loss: 1.4977
weibo_1x_200: Pre-training Epoch 120, Time: 34.888s, 2022-07-18, 18:31, Train Loss: 1.4819
Model saved!
weibo_1x_200: Pre-training Epoch 121, Time: 34.775s, 2022-07-18, 18:31, Train Loss: 1.4755
Model saved!
weibo_1x_200: Pre-training Epoch 122, Time: 34.192s, 2022-07-18, 18:32, Train Loss: 1.4879
weibo_1x_200: Pre-training Epoch 123, Time: 34.675s, 2022-07-18, 18:32, Train Loss: 1.4557
Model saved!
weibo_1x_200: Pre-training Epoch 124, Time: 35.915s, 2022-07-18, 18:33, Train Loss: 1.4405
Model saved!
weibo_1x_200: Pre-training Epoch 125, Time: 34.812s, 2022-07-18, 18:33, Train Loss: 1.5012
weibo_1x_200: Pre-training Epoch 126, Time: 35.930s, 2022-07-18, 18:34, Train Loss: 1.4813
weibo_1x_200: Pre-training Epoch 127, Time: 34.220s, 2022-07-18, 18:35, Train Loss: 1.4900
weibo_1x_200: Pre-training Epoch 128, Time: 35.085s, 2022-07-18, 18:35, Train Loss: 1.4516
weibo_1x_200: Pre-training Epoch 129, Time: 35.405s, 2022-07-18, 18:36, Train Loss: 1.4584
weibo_1x_200: Pre-training Epoch 130, Time: 34.646s, 2022-07-18, 18:36, Train Loss: 1.4823
weibo_1x_200: Pre-training Epoch 131, Time: 33.978s, 2022-07-18, 18:37, Train Loss: 1.4421
weibo_1x_200: Pre-training Epoch 132, Time: 35.131s, 2022-07-18, 18:38, Train Loss: 1.4373
Model saved!
weibo_1x_200: Pre-training Epoch 133, Time: 34.885s, 2022-07-18, 18:38, Train Loss: 1.4666
weibo_1x_200: Pre-training Epoch 134, Time: 34.797s, 2022-07-18, 18:39, Train Loss: 1.4343
Model saved!
weibo_1x_200: Pre-training Epoch 135, Time: 35.267s, 2022-07-18, 18:39, Train Loss: 1.4286
Model saved!
weibo_1x_200: Pre-training Epoch 136, Time: 34.837s, 2022-07-18, 18:40, Train Loss: 1.4155
Model saved!
weibo_1x_200: Pre-training Epoch 137, Time: 35.377s, 2022-07-18, 18:40, Train Loss: 1.4155
Model saved!
weibo_1x_200: Pre-training Epoch 138, Time: 35.062s, 2022-07-18, 18:41, Train Loss: 1.3974
Model saved!
weibo_1x_200: Pre-training Epoch 139, Time: 34.711s, 2022-07-18, 18:42, Train Loss: 1.4340
weibo_1x_200: Pre-training Epoch 140, Time: 34.582s, 2022-07-18, 18:42, Train Loss: 1.4028
weibo_1x_200: Pre-training Epoch 141, Time: 34.901s, 2022-07-18, 18:43, Train Loss: 1.4094
weibo_1x_200: Pre-training Epoch 142, Time: 34.648s, 2022-07-18, 18:43, Train Loss: 1.4252
weibo_1x_200: Pre-training Epoch 143, Time: 34.779s, 2022-07-18, 18:44, Train Loss: 1.4046
weibo_1x_200: Pre-training Epoch 144, Time: 35.081s, 2022-07-18, 18:45, Train Loss: 1.4211
weibo_1x_200: Pre-training Epoch 145, Time: 35.496s, 2022-07-18, 18:45, Train Loss: 1.3824
Model saved!
weibo_1x_200: Pre-training Epoch 146, Time: 34.919s, 2022-07-18, 18:46, Train Loss: 1.3949
weibo_1x_200: Pre-training Epoch 147, Time: 34.678s, 2022-07-18, 18:46, Train Loss: 1.4214
weibo_1x_200: Pre-training Epoch 148, Time: 35.542s, 2022-07-18, 18:47, Train Loss: 1.4200
weibo_1x_200: Pre-training Epoch 149, Time: 34.275s, 2022-07-18, 18:47, Train Loss: 1.4062
weibo_1x_200: Pre-training Epoch 150, Time: 34.568s, 2022-07-18, 18:48, Train Loss: 1.4197
weibo_1x_200: Pre-training Epoch 151, Time: 35.925s, 2022-07-18, 18:49, Train Loss: 1.3629
Model saved!
weibo_1x_200: Pre-training Epoch 152, Time: 35.328s, 2022-07-18, 18:49, Train Loss: 1.3599
Model saved!
