nohup: 忽略输入
cuda:3
# pre-training samples 5866
weibo_2x_100: Pre-training Epoch   1, Time: 30.610s, 2022-07-17, 19:32, Train Loss: 4.0556
Model saved!
weibo_2x_100: Pre-training Epoch   2, Time: 29.860s, 2022-07-17, 19:33, Train Loss: 3.3213
Model saved!
weibo_2x_100: Pre-training Epoch   3, Time: 28.673s, 2022-07-17, 19:33, Train Loss: 3.0618
Model saved!
weibo_2x_100: Pre-training Epoch   4, Time: 28.783s, 2022-07-17, 19:34, Train Loss: 2.8351
Model saved!
weibo_2x_100: Pre-training Epoch   5, Time: 28.853s, 2022-07-17, 19:34, Train Loss: 2.7457
Model saved!
weibo_2x_100: Pre-training Epoch   6, Time: 28.813s, 2022-07-17, 19:35, Train Loss: 2.6297
Model saved!
weibo_2x_100: Pre-training Epoch   7, Time: 29.344s, 2022-07-17, 19:35, Train Loss: 2.5486
Model saved!
weibo_2x_100: Pre-training Epoch   8, Time: 28.939s, 2022-07-17, 19:36, Train Loss: 2.4728
Model saved!
weibo_2x_100: Pre-training Epoch   9, Time: 29.999s, 2022-07-17, 19:36, Train Loss: 2.4141
Model saved!
weibo_2x_100: Pre-training Epoch  10, Time: 29.674s, 2022-07-17, 19:37, Train Loss: 2.3463
Model saved!
weibo_2x_100: Pre-training Epoch  11, Time: 29.597s, 2022-07-17, 19:37, Train Loss: 2.3231
Model saved!
weibo_2x_100: Pre-training Epoch  12, Time: 30.146s, 2022-07-17, 19:38, Train Loss: 2.2660
Model saved!
weibo_2x_100: Pre-training Epoch  13, Time: 29.844s, 2022-07-17, 19:38, Train Loss: 2.1892
Model saved!
weibo_2x_100: Pre-training Epoch  14, Time: 29.300s, 2022-07-17, 19:39, Train Loss: 2.1216
Model saved!
weibo_2x_100: Pre-training Epoch  15, Time: 29.676s, 2022-07-17, 19:39, Train Loss: 2.1615
weibo_2x_100: Pre-training Epoch  16, Time: 30.248s, 2022-07-17, 19:40, Train Loss: 2.1468
weibo_2x_100: Pre-training Epoch  17, Time: 29.564s, 2022-07-17, 19:40, Train Loss: 2.0595
Model saved!
weibo_2x_100: Pre-training Epoch  18, Time: 30.015s, 2022-07-17, 19:41, Train Loss: 2.0666
weibo_2x_100: Pre-training Epoch  19, Time: 30.080s, 2022-07-17, 19:41, Train Loss: 2.0435
Model saved!
weibo_2x_100: Pre-training Epoch  20, Time: 29.250s, 2022-07-17, 19:42, Train Loss: 1.9777
Model saved!
weibo_2x_100: Pre-training Epoch  21, Time: 30.692s, 2022-07-17, 19:42, Train Loss: 1.9844
weibo_2x_100: Pre-training Epoch  22, Time: 30.195s, 2022-07-17, 19:43, Train Loss: 1.9590
Model saved!
weibo_2x_100: Pre-training Epoch  23, Time: 30.787s, 2022-07-17, 19:43, Train Loss: 1.9064
Model saved!
weibo_2x_100: Pre-training Epoch  24, Time: 30.315s, 2022-07-17, 19:44, Train Loss: 1.8558
Model saved!
weibo_2x_100: Pre-training Epoch  25, Time: 29.966s, 2022-07-17, 19:44, Train Loss: 1.8603
weibo_2x_100: Pre-training Epoch  26, Time: 30.145s, 2022-07-17, 19:45, Train Loss: 1.8691
weibo_2x_100: Pre-training Epoch  27, Time: 29.977s, 2022-07-17, 19:45, Train Loss: 1.8371
Model saved!
weibo_2x_100: Pre-training Epoch  28, Time: 29.599s, 2022-07-17, 19:46, Train Loss: 1.8342
Model saved!
weibo_2x_100: Pre-training Epoch  29, Time: 29.493s, 2022-07-17, 19:46, Train Loss: 1.8351
weibo_2x_100: Pre-training Epoch  30, Time: 30.253s, 2022-07-17, 19:47, Train Loss: 1.7764
Model saved!
weibo_2x_100: Pre-training Epoch  31, Time: 29.777s, 2022-07-17, 19:47, Train Loss: 1.7660
Model saved!
weibo_2x_100: Pre-training Epoch  32, Time: 30.030s, 2022-07-17, 19:48, Train Loss: 1.7784
weibo_2x_100: Pre-training Epoch  33, Time: 30.594s, 2022-07-17, 19:48, Train Loss: 1.7473
Model saved!
weibo_2x_100: Pre-training Epoch  34, Time: 29.746s, 2022-07-17, 19:49, Train Loss: 1.7591
weibo_2x_100: Pre-training Epoch  35, Time: 29.888s, 2022-07-17, 19:49, Train Loss: 1.7299
Model saved!
weibo_2x_100: Pre-training Epoch  36, Time: 30.169s, 2022-07-17, 19:50, Train Loss: 1.6789
Model saved!
weibo_2x_100: Pre-training Epoch  37, Time: 30.230s, 2022-07-17, 19:50, Train Loss: 1.6842
weibo_2x_100: Pre-training Epoch  38, Time: 30.305s, 2022-07-17, 19:51, Train Loss: 1.7157
weibo_2x_100: Pre-training Epoch  39, Time: 29.825s, 2022-07-17, 19:51, Train Loss: 1.6969
weibo_2x_100: Pre-training Epoch  40, Time: 29.815s, 2022-07-17, 19:52, Train Loss: 1.6876
weibo_2x_100: Pre-training Epoch  41, Time: 29.824s, 2022-07-17, 19:52, Train Loss: 1.6730
Model saved!
weibo_2x_100: Pre-training Epoch  42, Time: 29.806s, 2022-07-17, 19:53, Train Loss: 1.6629
Model saved!
weibo_2x_100: Pre-training Epoch  43, Time: 29.746s, 2022-07-17, 19:53, Train Loss: 1.6500
Model saved!
weibo_2x_100: Pre-training Epoch  44, Time: 29.970s, 2022-07-17, 19:54, Train Loss: 1.6422
Model saved!
weibo_2x_100: Pre-training Epoch  45, Time: 29.517s, 2022-07-17, 19:54, Train Loss: 1.6331
Model saved!
weibo_2x_100: Pre-training Epoch  46, Time: 29.913s, 2022-07-17, 19:55, Train Loss: 1.6305
Model saved!
weibo_2x_100: Pre-training Epoch  47, Time: 30.539s, 2022-07-17, 19:55, Train Loss: 1.5918
Model saved!
weibo_2x_100: Pre-training Epoch  48, Time: 29.699s, 2022-07-17, 19:56, Train Loss: 1.5665
Model saved!
weibo_2x_100: Pre-training Epoch  49, Time: 29.755s, 2022-07-17, 19:56, Train Loss: 1.5758
weibo_2x_100: Pre-training Epoch  50, Time: 29.844s, 2022-07-17, 19:57, Train Loss: 1.5738
weibo_2x_100: Pre-training Epoch  51, Time: 30.272s, 2022-07-17, 19:57, Train Loss: 1.5582
Model saved!
weibo_2x_100: Pre-training Epoch  52, Time: 29.902s, 2022-07-17, 19:58, Train Loss: 1.5534
Model saved!
weibo_2x_100: Pre-training Epoch  53, Time: 29.928s, 2022-07-17, 19:58, Train Loss: 1.5431
Model saved!
weibo_2x_100: Pre-training Epoch  54, Time: 30.516s, 2022-07-17, 19:59, Train Loss: 1.5363
Model saved!
weibo_2x_100: Pre-training Epoch  55, Time: 30.024s, 2022-07-17, 19:59, Train Loss: 1.5226
Model saved!
weibo_2x_100: Pre-training Epoch  56, Time: 30.237s, 2022-07-17, 20:00, Train Loss: 1.5167
Model saved!
weibo_2x_100: Pre-training Epoch  57, Time: 29.213s, 2022-07-17, 20:00, Train Loss: 1.5422
weibo_2x_100: Pre-training Epoch  58, Time: 29.421s, 2022-07-17, 20:01, Train Loss: 1.5410
weibo_2x_100: Pre-training Epoch  59, Time: 29.791s, 2022-07-17, 20:01, Train Loss: 1.4901
Model saved!
weibo_2x_100: Pre-training Epoch  60, Time: 30.293s, 2022-07-17, 20:02, Train Loss: 1.5191
weibo_2x_100: Pre-training Epoch  61, Time: 29.700s, 2022-07-17, 20:02, Train Loss: 1.4585
Model saved!
weibo_2x_100: Pre-training Epoch  62, Time: 29.919s, 2022-07-17, 20:03, Train Loss: 1.4891
weibo_2x_100: Pre-training Epoch  63, Time: 29.578s, 2022-07-17, 20:03, Train Loss: 1.4670
weibo_2x_100: Pre-training Epoch  64, Time: 29.481s, 2022-07-17, 20:04, Train Loss: 1.4235
Model saved!
weibo_2x_100: Pre-training Epoch  65, Time: 29.675s, 2022-07-17, 20:04, Train Loss: 1.4681
weibo_2x_100: Pre-training Epoch  66, Time: 30.806s, 2022-07-17, 20:05, Train Loss: 1.4367
weibo_2x_100: Pre-training Epoch  67, Time: 30.447s, 2022-07-17, 20:05, Train Loss: 1.4489
weibo_2x_100: Pre-training Epoch  68, Time: 30.053s, 2022-07-17, 20:06, Train Loss: 1.4581
weibo_2x_100: Pre-training Epoch  69, Time: 30.121s, 2022-07-17, 20:06, Train Loss: 1.4471
weibo_2x_100: Pre-training Epoch  70, Time: 29.834s, 2022-07-17, 20:07, Train Loss: 1.3955
Model saved!
weibo_2x_100: Pre-training Epoch  71, Time: 30.061s, 2022-07-17, 20:07, Train Loss: 1.4085
weibo_2x_100: Pre-training Epoch  72, Time: 30.156s, 2022-07-17, 20:08, Train Loss: 1.3881
Model saved!
weibo_2x_100: Pre-training Epoch  73, Time: 30.114s, 2022-07-17, 20:08, Train Loss: 1.4013
weibo_2x_100: Pre-training Epoch  74, Time: 29.741s, 2022-07-17, 20:09, Train Loss: 1.4036
weibo_2x_100: Pre-training Epoch  75, Time: 30.350s, 2022-07-17, 20:09, Train Loss: 1.3811
Model saved!
weibo_2x_100: Pre-training Epoch  76, Time: 29.935s, 2022-07-17, 20:10, Train Loss: 1.3721
Model saved!
weibo_2x_100: Pre-training Epoch  77, Time: 29.275s, 2022-07-17, 20:10, Train Loss: 1.3542
Model saved!
weibo_2x_100: Pre-training Epoch  78, Time: 29.708s, 2022-07-17, 20:11, Train Loss: 1.3469
Model saved!
weibo_2x_100: Pre-training Epoch  79, Time: 29.848s, 2022-07-17, 20:11, Train Loss: 1.3704
weibo_2x_100: Pre-training Epoch  80, Time: 30.046s, 2022-07-17, 20:12, Train Loss: 1.3786
weibo_2x_100: Pre-training Epoch  81, Time: 30.314s, 2022-07-17, 20:12, Train Loss: 1.3731
weibo_2x_100: Pre-training Epoch  82, Time: 29.887s, 2022-07-17, 20:13, Train Loss: 1.3410
Model saved!
weibo_2x_100: Pre-training Epoch  83, Time: 30.532s, 2022-07-17, 20:13, Train Loss: 1.3455
weibo_2x_100: Pre-training Epoch  84, Time: 30.398s, 2022-07-17, 20:14, Train Loss: 1.3124
Model saved!
weibo_2x_100: Pre-training Epoch  85, Time: 30.423s, 2022-07-17, 20:14, Train Loss: 1.3200
weibo_2x_100: Pre-training Epoch  86, Time: 30.374s, 2022-07-17, 20:15, Train Loss: 1.3363
weibo_2x_100: Pre-training Epoch  87, Time: 30.125s, 2022-07-17, 20:15, Train Loss: 1.3001
Model saved!
weibo_2x_100: Pre-training Epoch  88, Time: 29.583s, 2022-07-17, 20:16, Train Loss: 1.2735
Model saved!
weibo_2x_100: Pre-training Epoch  89, Time: 30.250s, 2022-07-17, 20:16, Train Loss: 1.2705
Model saved!
weibo_2x_100: Pre-training Epoch  90, Time: 29.984s, 2022-07-17, 20:17, Train Loss: 1.2905
weibo_2x_100: Pre-training Epoch  91, Time: 30.208s, 2022-07-17, 20:17, Train Loss: 1.2719
weibo_2x_100: Pre-training Epoch  92, Time: 29.894s, 2022-07-17, 20:18, Train Loss: 1.2695
Model saved!
weibo_2x_100: Pre-training Epoch  93, Time: 30.341s, 2022-07-17, 20:18, Train Loss: 1.2528
Model saved!
weibo_2x_100: Pre-training Epoch  94, Time: 30.285s, 2022-07-17, 20:19, Train Loss: 1.2319
Model saved!
weibo_2x_100: Pre-training Epoch  95, Time: 30.240s, 2022-07-17, 20:19, Train Loss: 1.2788
weibo_2x_100: Pre-training Epoch  96, Time: 30.109s, 2022-07-17, 20:20, Train Loss: 1.2657
weibo_2x_100: Pre-training Epoch  97, Time: 29.498s, 2022-07-17, 20:20, Train Loss: 1.2537
weibo_2x_100: Pre-training Epoch  98, Time: 29.601s, 2022-07-17, 20:21, Train Loss: 1.2164
Model saved!
weibo_2x_100: Pre-training Epoch  99, Time: 29.556s, 2022-07-17, 20:21, Train Loss: 1.2227
weibo_2x_100: Pre-training Epoch 100, Time: 26.681s, 2022-07-17, 20:22, Train Loss: 1.2352
Finished! Time used: 50.001min
